[22-Jul-2025 16:06:29 UTC] Xdebug: [Step Debug] Time-out connecting to debugging client, waited: 200 ms. Tried: localhost:9000 (through xdebug.client_host/xdebug.client_port) :-(
[22-Jul-2025 16:17:47 UTC] Xdebug: [Step Debug] Time-out connecting to debugging client, waited: 200 ms. Tried: localhost:9000 (through xdebug.client_host/xdebug.client_port) :-(
[22-Jul-2025 16:17:51 UTC] Xdebug: [Step Debug] Time-out connecting to debugging client, waited: 200 ms. Tried: localhost:9000 (through xdebug.client_host/xdebug.client_port) :-(
[22-Jul-2025 16:17:52 UTC] Xdebug: [Step Debug] Time-out connecting to debugging client, waited: 200 ms. Tried: localhost:9000 (through xdebug.client_host/xdebug.client_port) :-(
[22-Jul-2025 16:17:53 UTC] Xdebug: [Step Debug] Time-out connecting to debugging client, waited: 200 ms. Tried: localhost:9000 (through xdebug.client_host/xdebug.client_port) :-(
[22-Jul-2025 16:17:58 UTC] Xdebug: [Step Debug] Time-out connecting to debugging client, waited: 200 ms. Tried: localhost:9000 (through xdebug.client_host/xdebug.client_port) :-(
[22-Jul-2025 16:18:00 UTC] Xdebug: [Step Debug] Time-out connecting to debugging client, waited: 200 ms. Tried: localhost:9000 (through xdebug.client_host/xdebug.client_port) :-(
[22-Jul-2025 16:27:18 UTC] Xdebug: [Step Debug] Time-out connecting to debugging client, waited: 200 ms. Tried: localhost:9000 (through xdebug.client_host/xdebug.client_port) :-(
[22-Jul-2025 16:27:21 UTC] Xdebug: [Step Debug] Time-out connecting to debugging client, waited: 200 ms. Tried: localhost:9000 (through xdebug.client_host/xdebug.client_port) :-(
[22-Jul-2025 16:27:45 UTC] Xdebug: [Step Debug] Time-out connecting to debugging client, waited: 200 ms. Tried: localhost:9000 (through xdebug.client_host/xdebug.client_port) :-(
[22-Jul-2025 16:28:13 UTC] Xdebug: [Step Debug] Time-out connecting to debugging client, waited: 200 ms. Tried: localhost:9000 (through xdebug.client_host/xdebug.client_port) :-(
[22-Jul-2025 16:28:27 UTC] Xdebug: [Step Debug] Time-out connecting to debugging client, waited: 200 ms. Tried: localhost:9000 (through xdebug.client_host/xdebug.client_port) :-(
[22-Jul-2025 16:28:34 UTC] Xdebug: [Step Debug] Time-out connecting to debugging client, waited: 200 ms. Tried: localhost:9000 (through xdebug.client_host/xdebug.client_port) :-(
[22-Jul-2025 16:28:39 UTC] Xdebug: [Step Debug] Time-out connecting to debugging client, waited: 200 ms. Tried: localhost:9000 (through xdebug.client_host/xdebug.client_port) :-(
[22-Jul-2025 16:28:40 UTC] Xdebug: [Step Debug] Time-out connecting to debugging client, waited: 200 ms. Tried: localhost:9000 (through xdebug.client_host/xdebug.client_port) :-(
[22-Jul-2025 16:28:43 UTC] Xdebug: [Step Debug] Time-out connecting to debugging client, waited: 200 ms. Tried: localhost:9000 (through xdebug.client_host/xdebug.client_port) :-(
[22-Jul-2025 16:28:49 UTC] Xdebug: [Step Debug] Time-out connecting to debugging client, waited: 200 ms. Tried: localhost:9000 (through xdebug.client_host/xdebug.client_port) :-(
[22-Jul-2025 16:30:32 UTC] Xdebug: [Step Debug] Time-out connecting to debugging client, waited: 200 ms. Tried: localhost:9000 (through xdebug.client_host/xdebug.client_port) :-(
[22-Jul-2025 16:30:37 UTC] Xdebug: [Step Debug] Time-out connecting to debugging client, waited: 200 ms. Tried: localhost:9000 (through xdebug.client_host/xdebug.client_port) :-(
[22-Jul-2025 20:19:08 UTC] Xdebug: [Step Debug] Time-out connecting to debugging client, waited: 200 ms. Tried: localhost:9000 (through xdebug.client_host/xdebug.client_port) :-(
[22-Jul-2025 20:19:17 UTC] Xdebug: [Step Debug] Time-out connecting to debugging client, waited: 200 ms. Tried: localhost:9000 (through xdebug.client_host/xdebug.client_port) :-(
[22-Jul-2025 20:19:18 UTC] Xdebug: [Step Debug] Time-out connecting to debugging client, waited: 200 ms. Tried: localhost:9000 (through xdebug.client_host/xdebug.client_port) :-(
[22-Jul-2025 20:20:06 UTC] Xdebug: [Step Debug] Time-out connecting to debugging client, waited: 200 ms. Tried: localhost:9000 (through xdebug.client_host/xdebug.client_port) :-(
[22-Jul-2025 20:20:07 UTC] Xdebug: [Step Debug] Time-out connecting to debugging client, waited: 200 ms. Tried: localhost:9000 (through xdebug.client_host/xdebug.client_port) :-(
[22-Jul-2025 20:20:08 UTC] Xdebug: [Step Debug] Time-out connecting to debugging client, waited: 200 ms. Tried: localhost:9000 (through xdebug.client_host/xdebug.client_port) :-(
[22-Jul-2025 21:12:22 UTC] Xdebug: [Step Debug] Time-out connecting to debugging client, waited: 200 ms. Tried: localhost:9000 (through xdebug.client_host/xdebug.client_port) :-(
[22-Jul-2025 21:14:36 UTC] Xdebug: [Step Debug] Time-out connecting to debugging client, waited: 200 ms. Tried: localhost:9000 (through xdebug.client_host/xdebug.client_port) :-(
[22-Jul-2025 21:14:38 UTC] Xdebug: [Step Debug] Time-out connecting to debugging client, waited: 200 ms. Tried: localhost:9000 (through xdebug.client_host/xdebug.client_port) :-(
[22-Jul-2025 21:14:39 UTC] Xdebug: [Step Debug] Time-out connecting to debugging client, waited: 200 ms. Tried: localhost:9000 (through xdebug.client_host/xdebug.client_port) :-(
[22-Jul-2025 21:14:43 UTC] Xdebug: [Step Debug] Time-out connecting to debugging client, waited: 200 ms. Tried: localhost:9000 (through xdebug.client_host/xdebug.client_port) :-(
[22-Jul-2025 21:16:54 UTC] Xdebug: [Step Debug] Time-out connecting to debugging client, waited: 200 ms. Tried: localhost:9000 (through xdebug.client_host/xdebug.client_port) :-(
[22-Jul-2025 21:16:55 UTC] Xdebug: [Step Debug] Time-out connecting to debugging client, waited: 200 ms. Tried: localhost:9000 (through xdebug.client_host/xdebug.client_port) :-(
[22-Jul-2025 21:18:34 UTC] Xdebug: [Step Debug] Time-out connecting to debugging client, waited: 200 ms. Tried: localhost:9000 (through xdebug.client_host/xdebug.client_port) :-(
[22-Jul-2025 21:18:41 UTC] Xdebug: [Step Debug] Time-out connecting to debugging client, waited: 200 ms. Tried: localhost:9000 (through xdebug.client_host/xdebug.client_port) :-(
[22-Jul-2025 21:18:42 UTC] Xdebug: [Step Debug] Time-out connecting to debugging client, waited: 200 ms. Tried: localhost:9000 (through xdebug.client_host/xdebug.client_port) :-(
[22-Jul-2025 21:18:47 UTC] Xdebug: [Step Debug] Time-out connecting to debugging client, waited: 200 ms. Tried: localhost:9000 (through xdebug.client_host/xdebug.client_port) :-(
[22-Jul-2025 21:19:18 UTC] Xdebug: [Step Debug] Time-out connecting to debugging client, waited: 200 ms. Tried: localhost:9000 (through xdebug.client_host/xdebug.client_port) :-(
[22-Jul-2025 21:19:19 UTC] Xdebug: [Step Debug] Time-out connecting to debugging client, waited: 200 ms. Tried: localhost:9000 (through xdebug.client_host/xdebug.client_port) :-(
[22-Jul-2025 21:21:40 UTC] Xdebug: [Step Debug] Time-out connecting to debugging client, waited: 200 ms. Tried: localhost:9000 (through xdebug.client_host/xdebug.client_port) :-(
[22-Jul-2025 21:21:46 UTC] Xdebug: [Step Debug] Time-out connecting to debugging client, waited: 200 ms. Tried: localhost:9000 (through xdebug.client_host/xdebug.client_port) :-(
[22-Jul-2025 21:22:26 UTC] Xdebug: [Step Debug] Time-out connecting to debugging client, waited: 200 ms. Tried: localhost:9000 (through xdebug.client_host/xdebug.client_port) :-(
[22-Jul-2025 21:41:48 UTC] Xdebug: [Step Debug] Time-out connecting to debugging client, waited: 200 ms. Tried: localhost:9000 (through xdebug.client_host/xdebug.client_port) :-(
[22-Jul-2025 21:41:50 UTC] Xdebug: [Step Debug] Time-out connecting to debugging client, waited: 200 ms. Tried: localhost:9000 (through xdebug.client_host/xdebug.client_port) :-(
[22-Jul-2025 22:47:51 UTC] Xdebug: [Step Debug] Time-out connecting to debugging client, waited: 200 ms. Tried: localhost:9000 (through xdebug.client_host/xdebug.client_port) :-(
[29-Jul-2025 14:23:18 UTC] Xdebug: [Step Debug] Time-out connecting to debugging client, waited: 200 ms. Tried: localhost:9000 (through xdebug.client_host/xdebug.client_port) :-(
[29-Jul-2025 14:24:55 UTC] Xdebug: [Step Debug] Time-out connecting to debugging client, waited: 200 ms. Tried: localhost:9000 (through xdebug.client_host/xdebug.client_port) :-(
[29-Jul-2025 14:25:01 UTC] Xdebug: [Step Debug] Time-out connecting to debugging client, waited: 200 ms. Tried: localhost:9000 (through xdebug.client_host/xdebug.client_port) :-(
[29-Jul-2025 14:25:09 UTC] Xdebug: [Step Debug] Time-out connecting to debugging client, waited: 200 ms. Tried: localhost:9000 (through xdebug.client_host/xdebug.client_port) :-(
[29-Jul-2025 14:25:09 UTC] Xdebug: [Step Debug] Time-out connecting to debugging client, waited: 200 ms. Tried: localhost:9000 (through xdebug.client_host/xdebug.client_port) :-(
[29-Jul-2025 14:25:11 UTC] Xdebug: [Step Debug] Time-out connecting to debugging client, waited: 200 ms. Tried: localhost:9000 (through xdebug.client_host/xdebug.client_port) :-(
[29-Jul-2025 14:25:15 UTC] Xdebug: [Step Debug] Time-out connecting to debugging client, waited: 200 ms. Tried: localhost:9000 (through xdebug.client_host/xdebug.client_port) :-(
[29-Jul-2025 14:25:19 UTC] Xdebug: [Step Debug] Time-out connecting to debugging client, waited: 200 ms. Tried: localhost:9000 (through xdebug.client_host/xdebug.client_port) :-(
[29-Jul-2025 14:25:42 UTC] Xdebug: [Step Debug] Time-out connecting to debugging client, waited: 200 ms. Tried: localhost:9000 (through xdebug.client_host/xdebug.client_port) :-(
[29-Jul-2025 14:25:56 UTC] Xdebug: [Step Debug] Time-out connecting to debugging client, waited: 200 ms. Tried: localhost:9000 (through xdebug.client_host/xdebug.client_port) :-(
[29-Jul-2025 14:26:09 UTC] Xdebug: [Step Debug] Time-out connecting to debugging client, waited: 200 ms. Tried: localhost:9000 (through xdebug.client_host/xdebug.client_port) :-(
[29-Jul-2025 14:36:05 UTC] Xdebug: [Step Debug] Time-out connecting to debugging client, waited: 200 ms. Tried: localhost:9000 (through xdebug.client_host/xdebug.client_port) :-(
[29-Jul-2025 14:38:13 UTC] Xdebug: [Step Debug] Time-out connecting to debugging client, waited: 200 ms. Tried: localhost:9000 (through xdebug.client_host/xdebug.client_port) :-(
[29-Jul-2025 14:38:19 UTC] Xdebug: [Step Debug] Time-out connecting to debugging client, waited: 200 ms. Tried: localhost:9000 (through xdebug.client_host/xdebug.client_port) :-(
[29-Jul-2025 14:38:25 UTC] Xdebug: [Step Debug] Time-out connecting to debugging client, waited: 200 ms. Tried: localhost:9000 (through xdebug.client_host/xdebug.client_port) :-(
[29-Jul-2025 14:38:34 UTC] Xdebug: [Step Debug] Time-out connecting to debugging client, waited: 200 ms. Tried: localhost:9000 (through xdebug.client_host/xdebug.client_port) :-(
[29-Jul-2025 14:38:45 UTC] Xdebug: [Step Debug] Time-out connecting to debugging client, waited: 200 ms. Tried: localhost:9000 (through xdebug.client_host/xdebug.client_port) :-(
[29-Jul-2025 14:39:01 UTC] Xdebug: [Step Debug] Time-out connecting to debugging client, waited: 200 ms. Tried: localhost:9000 (through xdebug.client_host/xdebug.client_port) :-(
[29-Jul-2025 14:39:09 UTC] Xdebug: [Step Debug] Time-out connecting to debugging client, waited: 200 ms. Tried: localhost:9000 (through xdebug.client_host/xdebug.client_port) :-(
[29-Jul-2025 14:39:22 UTC] Xdebug: [Step Debug] Time-out connecting to debugging client, waited: 200 ms. Tried: localhost:9000 (through xdebug.client_host/xdebug.client_port) :-(
[29-Jul-2025 14:39:26 UTC] Xdebug: [Step Debug] Time-out connecting to debugging client, waited: 200 ms. Tried: localhost:9000 (through xdebug.client_host/xdebug.client_port) :-(
[29-Jul-2025 14:39:27 UTC] Xdebug: [Step Debug] Time-out connecting to debugging client, waited: 200 ms. Tried: localhost:9000 (through xdebug.client_host/xdebug.client_port) :-(
[29-Jul-2025 14:39:30 UTC] Xdebug: [Step Debug] Time-out connecting to debugging client, waited: 200 ms. Tried: localhost:9000 (through xdebug.client_host/xdebug.client_port) :-(
[29-Jul-2025 14:47:24 UTC] Xdebug: [Step Debug] Time-out connecting to debugging client, waited: 200 ms. Tried: localhost:9000 (through xdebug.client_host/xdebug.client_port) :-(
[29-Jul-2025 14:54:44 UTC] Xdebug: [Step Debug] Time-out connecting to debugging client, waited: 200 ms. Tried: localhost:9000 (through xdebug.client_host/xdebug.client_port) :-(
[29-Jul-2025 14:54:50 UTC] Xdebug: [Step Debug] Time-out connecting to debugging client, waited: 200 ms. Tried: localhost:9000 (through xdebug.client_host/xdebug.client_port) :-(
[29-Jul-2025 14:55:06 UTC] Xdebug: [Step Debug] Time-out connecting to debugging client, waited: 200 ms. Tried: localhost:9000 (through xdebug.client_host/xdebug.client_port) :-(
[29-Jul-2025 14:55:08 UTC] Xdebug: [Step Debug] Time-out connecting to debugging client, waited: 200 ms. Tried: localhost:9000 (through xdebug.client_host/xdebug.client_port) :-(
[29-Jul-2025 17:10:55 UTC] Xdebug: [Step Debug] Time-out connecting to debugging client, waited: 200 ms. Tried: localhost:9000 (through xdebug.client_host/xdebug.client_port) :-(
[29-Jul-2025 11:13:59 America/Tegucigalpa] PHP Warning:  Undefined array key "hora_cita" in C:\DEV\www\cita_mant.php on line 89
[29-Jul-2025 17:23:14 UTC] Xdebug: [Step Debug] Time-out connecting to debugging client, waited: 200 ms. Tried: localhost:9000 (through xdebug.client_host/xdebug.client_port) :-(
[29-Jul-2025 17:25:45 UTC] Xdebug: [Step Debug] Time-out connecting to debugging client, waited: 200 ms. Tried: localhost:9000 (through xdebug.client_host/xdebug.client_port) :-(
[29-Jul-2025 17:32:34 UTC] Xdebug: [Step Debug] Time-out connecting to debugging client, waited: 200 ms. Tried: localhost:9000 (through xdebug.client_host/xdebug.client_port) :-(
[29-Jul-2025 17:39:57 UTC] Xdebug: [Step Debug] Time-out connecting to debugging client, waited: 200 ms. Tried: localhost:9000 (through xdebug.client_host/xdebug.client_port) :-(
[29-Jul-2025 11:39:57 America/Tegucigalpa] PHP Warning:  Undefined variable $id_plantilla in C:\DEV\www\cita_mant.php on line 327
[29-Jul-2025 17:51:04 UTC] Xdebug: [Step Debug] Time-out connecting to debugging client, waited: 200 ms. Tried: localhost:9000 (through xdebug.client_host/xdebug.client_port) :-(
[29-Jul-2025 11:51:04 America/Tegucigalpa] PHP Warning:  Undefined variable $id_plantilla in C:\DEV\www\cita_mant.php on line 327
[29-Jul-2025 17:51:34 UTC] Xdebug: [Step Debug] Time-out connecting to debugging client, waited: 200 ms. Tried: localhost:9000 (through xdebug.client_host/xdebug.client_port) :-(
[29-Jul-2025 11:51:34 America/Tegucigalpa] PHP Warning:  Undefined variable $id_plantilla in C:\DEV\www\cita_mant.php on line 327
[29-Jul-2025 17:53:44 UTC] Xdebug: [Step Debug] Time-out connecting to debugging client, waited: 200 ms. Tried: localhost:9000 (through xdebug.client_host/xdebug.client_port) :-(
[29-Jul-2025 11:53:44 America/Tegucigalpa] PHP Warning:  Undefined variable $id_plantilla in C:\DEV\www\cita_mant.php on line 327
[29-Jul-2025 11:53:44 America/Tegucigalpa] PHP Warning:  Undefined variable $id_plantilla in C:\DEV\www\cita_mant.php on line 367
[29-Jul-2025 11:53:44 America/Tegucigalpa] PHP Warning:  Attempt to read property "num_rows" on bool in C:\DEV\www\include\framework.php on line 678
[29-Jul-2025 17:54:50 UTC] Xdebug: [Step Debug] Time-out connecting to debugging client, waited: 200 ms. Tried: localhost:9000 (through xdebug.client_host/xdebug.client_port) :-(
[29-Jul-2025 11:54:50 America/Tegucigalpa] PHP Warning:  Attempt to read property "num_rows" on bool in C:\DEV\www\include\framework.php on line 678
[29-Jul-2025 17:55:56 UTC] Xdebug: [Step Debug] Time-out connecting to debugging client, waited: 200 ms. Tried: localhost:9000 (through xdebug.client_host/xdebug.client_port) :-(
[29-Jul-2025 17:56:32 UTC] Xdebug: [Step Debug] Time-out connecting to debugging client, waited: 200 ms. Tried: localhost:9000 (through xdebug.client_host/xdebug.client_port) :-(
[29-Jul-2025 17:57:07 UTC] Xdebug: [Step Debug] Time-out connecting to debugging client, waited: 200 ms. Tried: localhost:9000 (through xdebug.client_host/xdebug.client_port) :-(
[29-Jul-2025 11:57:07 America/Tegucigalpa] PHP Warning:  Attempt to read property "num_rows" on bool in C:\DEV\www\include\framework.php on line 678
[29-Jul-2025 20:15:34 UTC] Xdebug: [Step Debug] Time-out connecting to debugging client, waited: 200 ms. Tried: localhost:9000 (through xdebug.client_host/xdebug.client_port) :-(
[29-Jul-2025 21:05:32 UTC] Xdebug: [Step Debug] Time-out connecting to debugging client, waited: 200 ms. Tried: localhost:9000 (through xdebug.client_host/xdebug.client_port) :-(
[29-Jul-2025 15:05:32 America/Tegucigalpa] PHP Fatal error:  Uncaught Error: Array callback must have exactly two elements in C:\DEV\www\cita_mant.php:347
Stack trace:
#0 {main}
  thrown in C:\DEV\www\cita_mant.php on line 347
[29-Jul-2025 21:07:35 UTC] PHP Fatal error:  Cannot use isset() on the result of an expression (you can use "null !== expression" instead) in C:\DEV\www\cita_mant.php on line 347
[29-Jul-2025 21:07:41 UTC] PHP Fatal error:  Cannot use isset() on the result of an expression (you can use "null !== expression" instead) in C:\DEV\www\cita_mant.php on line 347
[29-Jul-2025 21:13:56 UTC] Xdebug: [Step Debug] Time-out connecting to debugging client, waited: 200 ms. Tried: localhost:9000 (through xdebug.client_host/xdebug.client_port) :-(
[29-Jul-2025 21:14:56 UTC] Xdebug: [Step Debug] Time-out connecting to debugging client, waited: 200 ms. Tried: localhost:9000 (through xdebug.client_host/xdebug.client_port) :-(
[29-Jul-2025 21:22:05 UTC] PHP Parse error:  syntax error, unexpected token ";" in C:\DEV\www\cita_mant.php on line 281
[29-Jul-2025 21:28:39 UTC] Xdebug: [Step Debug] Time-out connecting to debugging client, waited: 200 ms. Tried: localhost:9000 (through xdebug.client_host/xdebug.client_port) :-(
[29-Jul-2025 15:28:39 America/Tegucigalpa] PHP Warning:  Attempt to read property "num_rows" on bool in C:\DEV\www\include\framework.php on line 537
[29-Jul-2025 21:31:16 UTC] Xdebug: [Step Debug] Time-out connecting to debugging client, waited: 200 ms. Tried: localhost:9000 (through xdebug.client_host/xdebug.client_port) :-(
[29-Jul-2025 21:36:56 UTC] Xdebug: [Step Debug] Time-out connecting to debugging client, waited: 200 ms. Tried: localhost:9000 (through xdebug.client_host/xdebug.client_port) :-(
[29-Jul-2025 21:37:10 UTC] Xdebug: [Step Debug] Time-out connecting to debugging client, waited: 200 ms. Tried: localhost:9000 (through xdebug.client_host/xdebug.client_port) :-(
[29-Jul-2025 21:51:07 UTC] Xdebug: [Step Debug] Time-out connecting to debugging client, waited: 200 ms. Tried: localhost:9000 (through xdebug.client_host/xdebug.client_port) :-(
[29-Jul-2025 21:53:47 UTC] Xdebug: [Step Debug] Time-out connecting to debugging client, waited: 200 ms. Tried: localhost:9000 (through xdebug.client_host/xdebug.client_port) :-(
[29-Jul-2025 21:54:45 UTC] Xdebug: [Step Debug] Time-out connecting to debugging client, waited: 200 ms. Tried: localhost:9000 (through xdebug.client_host/xdebug.client_port) :-(
[29-Jul-2025 16:08:08 America/Tegucigalpa] PHP Warning:  Attempt to read property "num_rows" on bool in C:\DEV\www\include\framework.php on line 537
[29-Jul-2025 22:08:37 UTC] Xdebug: [Step Debug] Time-out connecting to debugging client, waited: 200 ms. Tried: localhost:9000 (through xdebug.client_host/xdebug.client_port) :-(
[29-Jul-2025 16:08:37 America/Tegucigalpa] PHP Warning:  Attempt to read property "num_rows" on bool in C:\DEV\www\include\framework.php on line 537
[29-Jul-2025 22:09:37 UTC] Xdebug: [Step Debug] Time-out connecting to debugging client, waited: 200 ms. Tried: localhost:9000 (through xdebug.client_host/xdebug.client_port) :-(
[29-Jul-2025 16:09:37 America/Tegucigalpa] PHP Warning:  Attempt to read property "num_rows" on bool in C:\DEV\www\include\framework.php on line 537
[29-Jul-2025 22:11:55 UTC] Xdebug: [Step Debug] Time-out connecting to debugging client, waited: 200 ms. Tried: localhost:9000 (through xdebug.client_host/xdebug.client_port) :-(
[29-Jul-2025 16:11:55 America/Tegucigalpa] PHP Warning:  Attempt to read property "num_rows" on bool in C:\DEV\www\include\framework.php on line 537
[29-Jul-2025 22:12:16 UTC] Xdebug: [Step Debug] Time-out connecting to debugging client, waited: 200 ms. Tried: localhost:9000 (through xdebug.client_host/xdebug.client_port) :-(
[29-Jul-2025 22:12:56 UTC] Xdebug: [Step Debug] Time-out connecting to debugging client, waited: 200 ms. Tried: localhost:9000 (through xdebug.client_host/xdebug.client_port) :-(
[29-Jul-2025 16:12:56 America/Tegucigalpa] PHP Warning:  Attempt to read property "num_rows" on bool in C:\DEV\www\include\framework.php on line 537
[29-Jul-2025 22:13:17 UTC] Xdebug: [Step Debug] Time-out connecting to debugging client, waited: 200 ms. Tried: localhost:9000 (through xdebug.client_host/xdebug.client_port) :-(
[29-Jul-2025 22:14:51 UTC] Xdebug: [Step Debug] Time-out connecting to debugging client, waited: 200 ms. Tried: localhost:9000 (through xdebug.client_host/xdebug.client_port) :-(
[29-Jul-2025 16:14:51 America/Tegucigalpa] PHP Warning:  Attempt to read property "num_rows" on bool in C:\DEV\www\include\framework.php on line 537
[29-Jul-2025 22:21:03 UTC] Xdebug: [Step Debug] Time-out connecting to debugging client, waited: 200 ms. Tried: localhost:9000 (through xdebug.client_host/xdebug.client_port) :-(
[02-Aug-2025 17:39:58 UTC] Xdebug: [Step Debug] Time-out connecting to debugging client, waited: 200 ms. Tried: localhost:9000 (through xdebug.client_host/xdebug.client_port) :-(
[02-Aug-2025 17:40:04 UTC] Xdebug: [Step Debug] Time-out connecting to debugging client, waited: 200 ms. Tried: localhost:9000 (through xdebug.client_host/xdebug.client_port) :-(
[02-Aug-2025 17:40:05 UTC] Xdebug: [Step Debug] Time-out connecting to debugging client, waited: 200 ms. Tried: localhost:9000 (through xdebug.client_host/xdebug.client_port) :-(
[02-Aug-2025 17:40:06 UTC] Xdebug: [Step Debug] Time-out connecting to debugging client, waited: 200 ms. Tried: localhost:9000 (through xdebug.client_host/xdebug.client_port) :-(
[02-Aug-2025 17:40:16 UTC] Xdebug: [Step Debug] Time-out connecting to debugging client, waited: 200 ms. Tried: localhost:9000 (through xdebug.client_host/xdebug.client_port) :-(
[02-Aug-2025 17:40:17 UTC] Xdebug: [Step Debug] Time-out connecting to debugging client, waited: 200 ms. Tried: localhost:9000 (through xdebug.client_host/xdebug.client_port) :-(
[02-Aug-2025 17:40:18 UTC] Xdebug: [Step Debug] Time-out connecting to debugging client, waited: 200 ms. Tried: localhost:9000 (through xdebug.client_host/xdebug.client_port) :-(
[02-Aug-2025 17:42:21 UTC] Xdebug: [Step Debug] Time-out connecting to debugging client, waited: 200 ms. Tried: localhost:9000 (through xdebug.client_host/xdebug.client_port) :-(
[02-Aug-2025 17:42:29 UTC] Xdebug: [Step Debug] Time-out connecting to debugging client, waited: 200 ms. Tried: localhost:9000 (through xdebug.client_host/xdebug.client_port) :-(
[02-Aug-2025 17:42:33 UTC] Xdebug: [Step Debug] Time-out connecting to debugging client, waited: 200 ms. Tried: localhost:9000 (through xdebug.client_host/xdebug.client_port) :-(
[02-Aug-2025 17:42:34 UTC] Xdebug: [Step Debug] Time-out connecting to debugging client, waited: 200 ms. Tried: localhost:9000 (through xdebug.client_host/xdebug.client_port) :-(
[02-Aug-2025 17:42:35 UTC] Xdebug: [Step Debug] Time-out connecting to debugging client, waited: 200 ms. Tried: localhost:9000 (through xdebug.client_host/xdebug.client_port) :-(
[02-Aug-2025 17:42:38 UTC] Xdebug: [Step Debug] Time-out connecting to debugging client, waited: 200 ms. Tried: localhost:9000 (through xdebug.client_host/xdebug.client_port) :-(
[02-Aug-2025 17:59:49 UTC] Xdebug: [Step Debug] Time-out connecting to debugging client, waited: 200 ms. Tried: localhost:9000 (through xdebug.client_host/xdebug.client_port) :-(
[02-Aug-2025 18:00:02 UTC] Xdebug: [Step Debug] Time-out connecting to debugging client, waited: 200 ms. Tried: localhost:9000 (through xdebug.client_host/xdebug.client_port) :-(
[02-Aug-2025 18:00:10 UTC] Xdebug: [Step Debug] Time-out connecting to debugging client, waited: 200 ms. Tried: localhost:9000 (through xdebug.client_host/xdebug.client_port) :-(
[02-Aug-2025 18:02:41 UTC] Xdebug: [Step Debug] Time-out connecting to debugging client, waited: 200 ms. Tried: localhost:9000 (through xdebug.client_host/xdebug.client_port) :-(
[02-Aug-2025 18:02:53 UTC] Xdebug: [Step Debug] Time-out connecting to debugging client, waited: 200 ms. Tried: localhost:9000 (through xdebug.client_host/xdebug.client_port) :-(
[02-Aug-2025 18:06:50 UTC] Xdebug: [Step Debug] Time-out connecting to debugging client, waited: 200 ms. Tried: localhost:9000 (through xdebug.client_host/xdebug.client_port) :-(
[02-Aug-2025 18:06:56 UTC] Xdebug: [Step Debug] Time-out connecting to debugging client, waited: 200 ms. Tried: localhost:9000 (through xdebug.client_host/xdebug.client_port) :-(
[02-Aug-2025 18:07:10 UTC] Xdebug: [Step Debug] Time-out connecting to debugging client, waited: 200 ms. Tried: localhost:9000 (through xdebug.client_host/xdebug.client_port) :-(
[02-Aug-2025 18:28:18 UTC] Xdebug: [Step Debug] Time-out connecting to debugging client, waited: 200 ms. Tried: localhost:9000 (through xdebug.client_host/xdebug.client_port) :-(
[02-Aug-2025 18:31:09 UTC] Xdebug: [Step Debug] Time-out connecting to debugging client, waited: 200 ms. Tried: localhost:9000 (through xdebug.client_host/xdebug.client_port) :-(
[02-Aug-2025 23:43:21 UTC] Xdebug: [Step Debug] Time-out connecting to debugging client, waited: 200 ms. Tried: localhost:9000 (through xdebug.client_host/xdebug.client_port) :-(
[02-Aug-2025 23:43:27 UTC] Xdebug: [Step Debug] Time-out connecting to debugging client, waited: 200 ms. Tried: localhost:9000 (through xdebug.client_host/xdebug.client_port) :-(
[02-Aug-2025 23:43:33 UTC] Xdebug: [Step Debug] Time-out connecting to debugging client, waited: 200 ms. Tried: localhost:9000 (through xdebug.client_host/xdebug.client_port) :-(
[02-Aug-2025 23:43:34 UTC] Xdebug: [Step Debug] Time-out connecting to debugging client, waited: 200 ms. Tried: localhost:9000 (through xdebug.client_host/xdebug.client_port) :-(
[02-Aug-2025 23:43:35 UTC] Xdebug: [Step Debug] Time-out connecting to debugging client, waited: 200 ms. Tried: localhost:9000 (through xdebug.client_host/xdebug.client_port) :-(
[02-Aug-2025 23:43:39 UTC] Xdebug: [Step Debug] Time-out connecting to debugging client, waited: 200 ms. Tried: localhost:9000 (through xdebug.client_host/xdebug.client_port) :-(
[02-Aug-2025 23:44:14 UTC] Xdebug: [Step Debug] Time-out connecting to debugging client, waited: 200 ms. Tried: localhost:9000 (through xdebug.client_host/xdebug.client_port) :-(
[02-Aug-2025 23:44:28 UTC] Xdebug: [Step Debug] Time-out connecting to debugging client, waited: 200 ms. Tried: localhost:9000 (through xdebug.client_host/xdebug.client_port) :-(
[02-Aug-2025 23:44:29 UTC] Xdebug: [Step Debug] Time-out connecting to debugging client, waited: 200 ms. Tried: localhost:9000 (through xdebug.client_host/xdebug.client_port) :-(
[02-Aug-2025 23:44:30 UTC] Xdebug: [Step Debug] Time-out connecting to debugging client, waited: 200 ms. Tried: localhost:9000 (through xdebug.client_host/xdebug.client_port) :-(
[02-Aug-2025 23:44:50 UTC] Xdebug: [Step Debug] Time-out connecting to debugging client, waited: 200 ms. Tried: localhost:9000 (through xdebug.client_host/xdebug.client_port) :-(
[02-Aug-2025 23:44:58 UTC] Xdebug: [Step Debug] Time-out connecting to debugging client, waited: 200 ms. Tried: localhost:9000 (through xdebug.client_host/xdebug.client_port) :-(
[02-Aug-2025 23:45:04 UTC] Xdebug: [Step Debug] Time-out connecting to debugging client, waited: 200 ms. Tried: localhost:9000 (through xdebug.client_host/xdebug.client_port) :-(
[02-Aug-2025 23:45:15 UTC] Xdebug: [Step Debug] Time-out connecting to debugging client, waited: 200 ms. Tried: localhost:9000 (through xdebug.client_host/xdebug.client_port) :-(
[02-Aug-2025 23:45:15 UTC] Xdebug: [Step Debug] Time-out connecting to debugging client, waited: 200 ms. Tried: localhost:9000 (through xdebug.client_host/xdebug.client_port) :-(
[02-Aug-2025 23:45:16 UTC] Xdebug: [Step Debug] Time-out connecting to debugging client, waited: 200 ms. Tried: localhost:9000 (through xdebug.client_host/xdebug.client_port) :-(
[02-Aug-2025 23:45:20 UTC] Xdebug: [Step Debug] Time-out connecting to debugging client, waited: 200 ms. Tried: localhost:9000 (through xdebug.client_host/xdebug.client_port) :-(
[02-Aug-2025 23:45:38 UTC] Xdebug: [Step Debug] Time-out connecting to debugging client, waited: 200 ms. Tried: localhost:9000 (through xdebug.client_host/xdebug.client_port) :-(
[02-Aug-2025 23:46:46 UTC] Xdebug: [Step Debug] Time-out connecting to debugging client, waited: 200 ms. Tried: localhost:9000 (through xdebug.client_host/xdebug.client_port) :-(
[02-Aug-2025 23:46:50 UTC] Xdebug: [Step Debug] Time-out connecting to debugging client, waited: 200 ms. Tried: localhost:9000 (through xdebug.client_host/xdebug.client_port) :-(
[02-Aug-2025 23:46:51 UTC] Xdebug: [Step Debug] Time-out connecting to debugging client, waited: 200 ms. Tried: localhost:9000 (through xdebug.client_host/xdebug.client_port) :-(
[02-Aug-2025 23:46:51 UTC] Xdebug: [Step Debug] Time-out connecting to debugging client, waited: 200 ms. Tried: localhost:9000 (through xdebug.client_host/xdebug.client_port) :-(
[02-Aug-2025 23:46:56 UTC] Xdebug: [Step Debug] Time-out connecting to debugging client, waited: 200 ms. Tried: localhost:9000 (through xdebug.client_host/xdebug.client_port) :-(
[02-Aug-2025 23:47:14 UTC] Xdebug: [Step Debug] Time-out connecting to debugging client, waited: 200 ms. Tried: localhost:9000 (through xdebug.client_host/xdebug.client_port) :-(
[02-Aug-2025 23:49:21 UTC] Xdebug: [Step Debug] Time-out connecting to debugging client, waited: 200 ms. Tried: localhost:9000 (through xdebug.client_host/xdebug.client_port) :-(
[03-Aug-2025 00:23:01 UTC] Xdebug: [Step Debug] Time-out connecting to debugging client, waited: 200 ms. Tried: localhost:9000 (through xdebug.client_host/xdebug.client_port) :-(
[03-Aug-2025 00:24:51 UTC] Xdebug: [Step Debug] Time-out connecting to debugging client, waited: 200 ms. Tried: localhost:9000 (through xdebug.client_host/xdebug.client_port) :-(
[03-Aug-2025 00:24:52 UTC] Xdebug: [Step Debug] Time-out connecting to debugging client, waited: 200 ms. Tried: localhost:9000 (through xdebug.client_host/xdebug.client_port) :-(
[03-Aug-2025 00:24:53 UTC] Xdebug: [Step Debug] Time-out connecting to debugging client, waited: 200 ms. Tried: localhost:9000 (through xdebug.client_host/xdebug.client_port) :-(
[03-Aug-2025 00:25:01 UTC] Xdebug: [Step Debug] Time-out connecting to debugging client, waited: 200 ms. Tried: localhost:9000 (through xdebug.client_host/xdebug.client_port) :-(
[03-Aug-2025 00:25:02 UTC] Xdebug: [Step Debug] Time-out connecting to debugging client, waited: 200 ms. Tried: localhost:9000 (through xdebug.client_host/xdebug.client_port) :-(
[03-Aug-2025 00:25:07 UTC] Xdebug: [Step Debug] Time-out connecting to debugging client, waited: 200 ms. Tried: localhost:9000 (through xdebug.client_host/xdebug.client_port) :-(
[03-Aug-2025 00:25:20 UTC] Xdebug: [Step Debug] Time-out connecting to debugging client, waited: 200 ms. Tried: localhost:9000 (through xdebug.client_host/xdebug.client_port) :-(
[03-Aug-2025 00:31:14 UTC] Xdebug: [Step Debug] Time-out connecting to debugging client, waited: 200 ms. Tried: localhost:9000 (through xdebug.client_host/xdebug.client_port) :-(
[04-Aug-2025 15:57:13 UTC] Xdebug: [Step Debug] Time-out connecting to debugging client, waited: 200 ms. Tried: localhost:9000 (through xdebug.client_host/xdebug.client_port) :-(
[04-Aug-2025 15:57:19 UTC] Xdebug: [Step Debug] Time-out connecting to debugging client, waited: 200 ms. Tried: localhost:9000 (through xdebug.client_host/xdebug.client_port) :-(
[04-Aug-2025 15:57:19 UTC] Xdebug: [Step Debug] Time-out connecting to debugging client, waited: 200 ms. Tried: localhost:9000 (through xdebug.client_host/xdebug.client_port) :-(
[04-Aug-2025 15:57:21 UTC] Xdebug: [Step Debug] Time-out connecting to debugging client, waited: 200 ms. Tried: localhost:9000 (through xdebug.client_host/xdebug.client_port) :-(
[04-Aug-2025 15:57:28 UTC] Xdebug: [Step Debug] Time-out connecting to debugging client, waited: 200 ms. Tried: localhost:9000 (through xdebug.client_host/xdebug.client_port) :-(
[04-Aug-2025 15:57:34 UTC] Xdebug: [Step Debug] Time-out connecting to debugging client, waited: 200 ms. Tried: localhost:9000 (through xdebug.client_host/xdebug.client_port) :-(
[04-Aug-2025 15:58:12 UTC] Xdebug: [Step Debug] Time-out connecting to debugging client, waited: 200 ms. Tried: localhost:9000 (through xdebug.client_host/xdebug.client_port) :-(
[04-Aug-2025 15:58:36 UTC] Xdebug: [Step Debug] Time-out connecting to debugging client, waited: 200 ms. Tried: localhost:9000 (through xdebug.client_host/xdebug.client_port) :-(
[04-Aug-2025 15:58:40 UTC] Xdebug: [Step Debug] Time-out connecting to debugging client, waited: 200 ms. Tried: localhost:9000 (through xdebug.client_host/xdebug.client_port) :-(
[04-Aug-2025 15:58:41 UTC] Xdebug: [Step Debug] Time-out connecting to debugging client, waited: 200 ms. Tried: localhost:9000 (through xdebug.client_host/xdebug.client_port) :-(
[04-Aug-2025 15:58:41 UTC] Xdebug: [Step Debug] Time-out connecting to debugging client, waited: 200 ms. Tried: localhost:9000 (through xdebug.client_host/xdebug.client_port) :-(
[04-Aug-2025 15:58:44 UTC] Xdebug: [Step Debug] Time-out connecting to debugging client, waited: 200 ms. Tried: localhost:9000 (through xdebug.client_host/xdebug.client_port) :-(
[04-Aug-2025 15:59:04 UTC] Xdebug: [Step Debug] Time-out connecting to debugging client, waited: 200 ms. Tried: localhost:9000 (through xdebug.client_host/xdebug.client_port) :-(
[04-Aug-2025 15:59:05 UTC] Xdebug: [Step Debug] Time-out connecting to debugging client, waited: 200 ms. Tried: localhost:9000 (through xdebug.client_host/xdebug.client_port) :-(
[04-Aug-2025 15:59:06 UTC] Xdebug: [Step Debug] Time-out connecting to debugging client, waited: 200 ms. Tried: localhost:9000 (through xdebug.client_host/xdebug.client_port) :-(
[04-Aug-2025 15:59:16 UTC] Xdebug: [Step Debug] Time-out connecting to debugging client, waited: 200 ms. Tried: localhost:9000 (through xdebug.client_host/xdebug.client_port) :-(
[04-Aug-2025 15:59:20 UTC] Xdebug: [Step Debug] Time-out connecting to debugging client, waited: 200 ms. Tried: localhost:9000 (through xdebug.client_host/xdebug.client_port) :-(
[04-Aug-2025 15:59:24 UTC] Xdebug: [Step Debug] Time-out connecting to debugging client, waited: 200 ms. Tried: localhost:9000 (through xdebug.client_host/xdebug.client_port) :-(
[04-Aug-2025 15:59:25 UTC] Xdebug: [Step Debug] Time-out connecting to debugging client, waited: 200 ms. Tried: localhost:9000 (through xdebug.client_host/xdebug.client_port) :-(
[04-Aug-2025 15:59:25 UTC] Xdebug: [Step Debug] Time-out connecting to debugging client, waited: 200 ms. Tried: localhost:9000 (through xdebug.client_host/xdebug.client_port) :-(
[04-Aug-2025 15:59:28 UTC] Xdebug: [Step Debug] Time-out connecting to debugging client, waited: 200 ms. Tried: localhost:9000 (through xdebug.client_host/xdebug.client_port) :-(
[04-Aug-2025 15:59:39 UTC] Xdebug: [Step Debug] Time-out connecting to debugging client, waited: 200 ms. Tried: localhost:9000 (through xdebug.client_host/xdebug.client_port) :-(
[04-Aug-2025 15:59:47 UTC] Xdebug: [Step Debug] Time-out connecting to debugging client, waited: 200 ms. Tried: localhost:9000 (through xdebug.client_host/xdebug.client_port) :-(
[04-Aug-2025 15:59:54 UTC] Xdebug: [Step Debug] Time-out connecting to debugging client, waited: 200 ms. Tried: localhost:9000 (through xdebug.client_host/xdebug.client_port) :-(
[04-Aug-2025 16:04:59 UTC] Xdebug: [Step Debug] Time-out connecting to debugging client, waited: 200 ms. Tried: localhost:9000 (through xdebug.client_host/xdebug.client_port) :-(
[04-Aug-2025 16:11:04 UTC] Xdebug: [Step Debug] Time-out connecting to debugging client, waited: 200 ms. Tried: localhost:9000 (through xdebug.client_host/xdebug.client_port) :-(
[04-Aug-2025 16:12:27 UTC] Xdebug: [Step Debug] Time-out connecting to debugging client, waited: 200 ms. Tried: localhost:9000 (through xdebug.client_host/xdebug.client_port) :-(
[04-Aug-2025 16:12:40 UTC] Xdebug: [Step Debug] Time-out connecting to debugging client, waited: 200 ms. Tried: localhost:9000 (through xdebug.client_host/xdebug.client_port) :-(
[04-Aug-2025 16:13:26 UTC] Xdebug: [Step Debug] Time-out connecting to debugging client, waited: 200 ms. Tried: localhost:9000 (through xdebug.client_host/xdebug.client_port) :-(
[04-Aug-2025 16:14:19 UTC] Xdebug: [Step Debug] Time-out connecting to debugging client, waited: 200 ms. Tried: localhost:9000 (through xdebug.client_host/xdebug.client_port) :-(
[04-Aug-2025 16:14:22 UTC] Xdebug: [Step Debug] Time-out connecting to debugging client, waited: 200 ms. Tried: localhost:9000 (through xdebug.client_host/xdebug.client_port) :-(
[04-Aug-2025 16:14:28 UTC] Xdebug: [Step Debug] Time-out connecting to debugging client, waited: 200 ms. Tried: localhost:9000 (through xdebug.client_host/xdebug.client_port) :-(
[04-Aug-2025 16:15:19 UTC] Xdebug: [Step Debug] Time-out connecting to debugging client, waited: 200 ms. Tried: localhost:9000 (through xdebug.client_host/xdebug.client_port) :-(
[04-Aug-2025 16:15:36 UTC] Xdebug: [Step Debug] Time-out connecting to debugging client, waited: 200 ms. Tried: localhost:9000 (through xdebug.client_host/xdebug.client_port) :-(
[05-Aug-2025 17:12:53 UTC] Xdebug: [Step Debug] Time-out connecting to debugging client, waited: 200 ms. Tried: localhost:9000 (through xdebug.client_host/xdebug.client_port) :-(
[05-Aug-2025 17:12:59 UTC] Xdebug: [Step Debug] Time-out connecting to debugging client, waited: 200 ms. Tried: localhost:9000 (through xdebug.client_host/xdebug.client_port) :-(
[05-Aug-2025 17:13:00 UTC] Xdebug: [Step Debug] Time-out connecting to debugging client, waited: 200 ms. Tried: localhost:9000 (through xdebug.client_host/xdebug.client_port) :-(
[05-Aug-2025 17:13:01 UTC] Xdebug: [Step Debug] Time-out connecting to debugging client, waited: 200 ms. Tried: localhost:9000 (through xdebug.client_host/xdebug.client_port) :-(
[05-Aug-2025 17:13:09 UTC] Xdebug: [Step Debug] Time-out connecting to debugging client, waited: 200 ms. Tried: localhost:9000 (through xdebug.client_host/xdebug.client_port) :-(
[05-Aug-2025 17:13:10 UTC] Xdebug: [Step Debug] Time-out connecting to debugging client, waited: 200 ms. Tried: localhost:9000 (through xdebug.client_host/xdebug.client_port) :-(
[05-Aug-2025 17:13:11 UTC] Xdebug: [Step Debug] Time-out connecting to debugging client, waited: 200 ms. Tried: localhost:9000 (through xdebug.client_host/xdebug.client_port) :-(
[05-Aug-2025 17:13:11 UTC] Xdebug: [Step Debug] Time-out connecting to debugging client, waited: 200 ms. Tried: localhost:9000 (through xdebug.client_host/xdebug.client_port) :-(
[05-Aug-2025 17:13:14 UTC] Xdebug: [Step Debug] Time-out connecting to debugging client, waited: 200 ms. Tried: localhost:9000 (through xdebug.client_host/xdebug.client_port) :-(
[05-Aug-2025 17:13:14 UTC] Xdebug: [Step Debug] Time-out connecting to debugging client, waited: 200 ms. Tried: localhost:9000 (through xdebug.client_host/xdebug.client_port) :-(
[05-Aug-2025 17:13:16 UTC] Xdebug: [Step Debug] Time-out connecting to debugging client, waited: 200 ms. Tried: localhost:9000 (through xdebug.client_host/xdebug.client_port) :-(
[05-Aug-2025 17:13:27 UTC] Xdebug: [Step Debug] Time-out connecting to debugging client, waited: 200 ms. Tried: localhost:9000 (through xdebug.client_host/xdebug.client_port) :-(
[05-Aug-2025 17:13:29 UTC] Xdebug: [Step Debug] Time-out connecting to debugging client, waited: 200 ms. Tried: localhost:9000 (through xdebug.client_host/xdebug.client_port) :-(
[05-Aug-2025 17:13:33 UTC] Xdebug: [Step Debug] Time-out connecting to debugging client, waited: 200 ms. Tried: localhost:9000 (through xdebug.client_host/xdebug.client_port) :-(
[05-Aug-2025 17:13:42 UTC] Xdebug: [Step Debug] Time-out connecting to debugging client, waited: 200 ms. Tried: localhost:9000 (through xdebug.client_host/xdebug.client_port) :-(
[05-Aug-2025 17:13:45 UTC] Xdebug: [Step Debug] Time-out connecting to debugging client, waited: 200 ms. Tried: localhost:9000 (through xdebug.client_host/xdebug.client_port) :-(
[05-Aug-2025 17:13:47 UTC] Xdebug: [Step Debug] Time-out connecting to debugging client, waited: 200 ms. Tried: localhost:9000 (through xdebug.client_host/xdebug.client_port) :-(
[05-Aug-2025 17:13:57 UTC] Xdebug: [Step Debug] Time-out connecting to debugging client, waited: 200 ms. Tried: localhost:9000 (through xdebug.client_host/xdebug.client_port) :-(
[05-Aug-2025 17:13:57 UTC] Xdebug: [Step Debug] Time-out connecting to debugging client, waited: 200 ms. Tried: localhost:9000 (through xdebug.client_host/xdebug.client_port) :-(
[05-Aug-2025 17:14:03 UTC] Xdebug: [Step Debug] Time-out connecting to debugging client, waited: 200 ms. Tried: localhost:9000 (through xdebug.client_host/xdebug.client_port) :-(
[05-Aug-2025 17:14:13 UTC] Xdebug: [Step Debug] Time-out connecting to debugging client, waited: 200 ms. Tried: localhost:9000 (through xdebug.client_host/xdebug.client_port) :-(
[05-Aug-2025 17:14:15 UTC] Xdebug: [Step Debug] Time-out connecting to debugging client, waited: 200 ms. Tried: localhost:9000 (through xdebug.client_host/xdebug.client_port) :-(
[05-Aug-2025 17:14:18 UTC] Xdebug: [Step Debug] Time-out connecting to debugging client, waited: 200 ms. Tried: localhost:9000 (through xdebug.client_host/xdebug.client_port) :-(
[05-Aug-2025 17:14:18 UTC] Xdebug: [Step Debug] Time-out connecting to debugging client, waited: 200 ms. Tried: localhost:9000 (through xdebug.client_host/xdebug.client_port) :-(
[05-Aug-2025 17:14:23 UTC] Xdebug: [Step Debug] Time-out connecting to debugging client, waited: 200 ms. Tried: localhost:9000 (through xdebug.client_host/xdebug.client_port) :-(
[05-Aug-2025 17:14:28 UTC] Xdebug: [Step Debug] Time-out connecting to debugging client, waited: 200 ms. Tried: localhost:9000 (through xdebug.client_host/xdebug.client_port) :-(
[05-Aug-2025 17:14:29 UTC] Xdebug: [Step Debug] Time-out connecting to debugging client, waited: 200 ms. Tried: localhost:9000 (through xdebug.client_host/xdebug.client_port) :-(
[05-Aug-2025 17:14:29 UTC] Xdebug: [Step Debug] Time-out connecting to debugging client, waited: 200 ms. Tried: localhost:9000 (through xdebug.client_host/xdebug.client_port) :-(
[05-Aug-2025 17:14:30 UTC] Xdebug: [Step Debug] Time-out connecting to debugging client, waited: 200 ms. Tried: localhost:9000 (through xdebug.client_host/xdebug.client_port) :-(
[05-Aug-2025 17:14:34 UTC] Xdebug: [Step Debug] Time-out connecting to debugging client, waited: 200 ms. Tried: localhost:9000 (through xdebug.client_host/xdebug.client_port) :-(
[05-Aug-2025 17:14:36 UTC] Xdebug: [Step Debug] Time-out connecting to debugging client, waited: 200 ms. Tried: localhost:9000 (through xdebug.client_host/xdebug.client_port) :-(
[05-Aug-2025 17:14:37 UTC] Xdebug: [Step Debug] Time-out connecting to debugging client, waited: 200 ms. Tried: localhost:9000 (through xdebug.client_host/xdebug.client_port) :-(
[05-Aug-2025 17:14:52 UTC] Xdebug: [Step Debug] Time-out connecting to debugging client, waited: 200 ms. Tried: localhost:9000 (through xdebug.client_host/xdebug.client_port) :-(
[05-Aug-2025 17:15:59 UTC] Xdebug: [Step Debug] Time-out connecting to debugging client, waited: 200 ms. Tried: localhost:9000 (through xdebug.client_host/xdebug.client_port) :-(
[05-Aug-2025 17:16:27 UTC] Xdebug: [Step Debug] Time-out connecting to debugging client, waited: 200 ms. Tried: localhost:9000 (through xdebug.client_host/xdebug.client_port) :-(
[05-Aug-2025 17:34:43 UTC] Xdebug: [Step Debug] Time-out connecting to debugging client, waited: 200 ms. Tried: localhost:9000 (through xdebug.client_host/xdebug.client_port) :-(
[05-Aug-2025 17:34:55 UTC] Xdebug: [Step Debug] Time-out connecting to debugging client, waited: 200 ms. Tried: localhost:9000 (through xdebug.client_host/xdebug.client_port) :-(
[05-Aug-2025 17:34:55 UTC] Xdebug: [Step Debug] Time-out connecting to debugging client, waited: 200 ms. Tried: localhost:9000 (through xdebug.client_host/xdebug.client_port) :-(
[05-Aug-2025 17:34:56 UTC] Xdebug: [Step Debug] Time-out connecting to debugging client, waited: 200 ms. Tried: localhost:9000 (through xdebug.client_host/xdebug.client_port) :-(
[05-Aug-2025 17:35:25 UTC] Xdebug: [Step Debug] Time-out connecting to debugging client, waited: 200 ms. Tried: localhost:9000 (through xdebug.client_host/xdebug.client_port) :-(
[05-Aug-2025 17:35:50 UTC] Xdebug: [Step Debug] Time-out connecting to debugging client, waited: 200 ms. Tried: localhost:9000 (through xdebug.client_host/xdebug.client_port) :-(
[05-Aug-2025 19:23:50 UTC] Xdebug: [Step Debug] Time-out connecting to debugging client, waited: 200 ms. Tried: localhost:9000 (through xdebug.client_host/xdebug.client_port) :-(
[05-Aug-2025 19:24:31 UTC] Xdebug: [Step Debug] Time-out connecting to debugging client, waited: 200 ms. Tried: localhost:9000 (through xdebug.client_host/xdebug.client_port) :-(
[05-Aug-2025 19:24:31 UTC] Xdebug: [Step Debug] Time-out connecting to debugging client, waited: 200 ms. Tried: localhost:9000 (through xdebug.client_host/xdebug.client_port) :-(
[05-Aug-2025 19:24:32 UTC] Xdebug: [Step Debug] Time-out connecting to debugging client, waited: 200 ms. Tried: localhost:9000 (through xdebug.client_host/xdebug.client_port) :-(
[05-Aug-2025 20:17:00 UTC] Xdebug: [Step Debug] Time-out connecting to debugging client, waited: 200 ms. Tried: localhost:9000 (through xdebug.client_host/xdebug.client_port) :-(
