2024-02-27 9:22 am
curl -s --location --request POST 'https://rwwebe.barscloud.com:8715/htzhonduras/web/RWMobileHandler/fleet/NonRev' \
    --header 'X-Api-Key: 123e3a22302c2137' \
    --header 'Authorization: Basic VDIzNTg2OjhsZ2x0SVMrQVQyYQ==' \
    --header 'Content-Type: application/json' \
    --data-raw '{"Action":"Open", "Product":"VEHICLES", "UnitNumber":"EA-0561", "VehicleStatus":"Non-Rev", "OdometerOut":"156156", "FuelLevelOut":"8", "Company":"", "LocationOut":"OPSPS", "LocationDue":"ASPS", "DateTimeOut":"2024-02-27T09:22", "DateTimeDue":"2024-02-27T09:22", "Driver":"Romel Rolando Bueso Bueso", "DueDetails":"pruebas"}'
 
2024-02-27 9:22 am
curl -s --location --request POST 'https://rwwebe.barscloud.com:8715/htzhonduras/web/RWMobileHandler/fleet/NonRev' \
    --header 'X-Api-Key: 123e3a22302c2137' \
    --header 'Authorization: Basic VDIzNTg2OjhsZ2x0SVMrQVQyYQ==' \
    --header 'Content-Type: application/json' \
    --data-raw '{"Action":"Open", "Product":"VEHICLES", "UnitNumber":"EA-0561", "VehicleStatus":"Non-Rev", "OdometerOut":"156156", "FuelLevelOut":"8", "Company":"", "LocationOut":"OPSPS", "LocationDue":"ASPS", "DateTimeOut":"2024-02-27T09:22", "DateTimeDue":"2024-02-27T09:22", "Driver":"Romel Rolando Bueso Bueso", "DueDetails":"pruebas"}'
 
2024-02-27 9:32 am
curl -s --location --request POST 'https://rwwebe.barscloud.com:8715/htzhonduras/web/RWMobileHandler/fleet/NonRev' \
    --header 'X-Api-Key: 123e3a22302c2137' \
    --header 'Authorization: Basic VDIzNTg2OjhsZ2x0SVMrQVQyYQ==' \
    --header 'Content-Type: application/json' \
    --data-raw '{"Action":"Close", "TicketNumber":"", "VehicleStatus":"Non-Rev", "LocationIn":"ASPS", "DateTimeIn":"2024-02-27T09:32", "OdometerIn":"156156", "FuelLevelIn":"8", "DueDetails":"pruebaspruebas"}'
 
2024-02-27 10:34 am
curl -s --location --request POST 'https://rwwebe.barscloud.com:8715/htzhonduras/web/RWMobileHandler/fleet/NonRev' \
    --header 'X-Api-Key: 123e3a22302c2137' \
    --header 'Authorization: Basic VDIzNTg2OjhsZ2x0SVMrQVQyYQ==' \
    --header 'Content-Type: application/json' \
    --data-raw '{"Action":"Open", "Product":"VEHICLES", "UnitNumber":"EA-0561", "VehicleStatus":"Non-Rev", "OdometerOut":"156157", "FuelLevelOut":"8", "Company":"", "LocationOut":"OPSPS", "LocationDue":"ASPS", "DateTimeOut":"2024-02-27T10:34", "DateTimeDue":"2024-02-27T10:34", "Driver":"Romel Rolando Bueso Bueso", "DueDetails":"pruebas"}'
 
2024-02-27 10:35 am
curl -s --location --request POST 'https://rwwebe.barscloud.com:8715/htzhonduras/web/RWMobileHandler/fleet/NonRev' \
    --header 'X-Api-Key: 123e3a22302c2137' \
    --header 'Authorization: Basic VDIzNTg2OjhsZ2x0SVMrQVQyYQ==' \
    --header 'Content-Type: application/json' \
    --data-raw '{"Action":"Close", "TicketNumber":"", "VehicleStatus":"", "LocationIn":"ASPS", "DateTimeIn":"2024-02-27T10:35", "OdometerIn":"156153", "FuelLevelIn":"8", "DueDetails":"pruebaspruebas"}'
 
2024-02-27 11:16 am
curl -s --location --request POST 'https://rwwebe.barscloud.com:8715/htzhonduras/web/RWMobileHandler/fleet/NonRev' \
    --header 'X-Api-Key: 123e3a22302c2137' \
    --header 'Authorization: Basic VDIzNTg2OjhsZ2x0SVMrQVQyYQ==' \
    --header 'Content-Type: application/json' \
    --data-raw '{"Action":"Open", "Product":"VEHICLES", "UnitNumber":"EA-0561", "VehicleStatus":"Non-Rev", "OdometerOut":"156157", "FuelLevelOut":"8", "Company":"", "LocationOut":"OPSPS", "LocationDue":"ASPS", "DateTimeOut":"2024-02-27T11:16", "DateTimeDue":"2024-02-27T11:16", "Driver":"Romel Rolando Bueso Bueso", "DueDetails":"pruebas"}'
 
