[18-Jul-2022 15:53:49 UTC] Xdebug: [Step Debug] Time-out connecting to debugging client, waited: 200 ms. Tried: localhost:9000 (through xdebug.client_host/xdebug.client_port) :-(
[15-Oct-2022 16:26:26 UTC] Xdebug: [Step Debug] Time-out connecting to debugging client, waited: 200 ms. Tried: localhost:9000 (through xdebug.client_host/xdebug.client_port) :-(
[27-Nov-2022 21:47:20 UTC] Xdebug: [Step Debug] Time-out connecting to debugging client, waited: 200 ms. Tried: localhost:9000 (through xdebug.client_host/xdebug.client_port) :-(
[21-Feb-2023 17:15:53 UTC] Xdebug: [Step Debug] Time-out connecting to debugging client, waited: 200 ms. Tried: localhost:9000 (through xdebug.client_host/xdebug.client_port) :-(
[21-Feb-2023 17:17:19 UTC] Xdebug: [Step Debug] Time-out connecting to debugging client, waited: 200 ms. Tried: localhost:9000 (through xdebug.client_host/xdebug.client_port) :-(
[21-Feb-2023 17:17:22 UTC] Xdebug: [Step Debug] Time-out connecting to debugging client, waited: 200 ms. Tried: localhost:9000 (through xdebug.client_host/xdebug.client_port) :-(
[05-Oct-2023 19:38:40 UTC] Xdebug: [Step Debug] Time-out connecting to debugging client, waited: 200 ms. Tried: localhost:9000 (through xdebug.client_host/xdebug.client_port) :-(
[05-Oct-2023 19:40:59 UTC] Xdebug: [Step Debug] Time-out connecting to debugging client, waited: 200 ms. Tried: localhost:9000 (through xdebug.client_host/xdebug.client_port) :-(
[05-Oct-2023 19:42:51 UTC] Xdebug: [Step Debug] Time-out connecting to debugging client, waited: 200 ms. Tried: localhost:9000 (through xdebug.client_host/xdebug.client_port) :-(
[05-Oct-2023 19:59:40 UTC] Xdebug: [Step Debug] Time-out connecting to debugging client, waited: 200 ms. Tried: localhost:9000 (through xdebug.client_host/xdebug.client_port) :-(
[05-Oct-2023 20:50:30 UTC] Xdebug: [Step Debug] Time-out connecting to debugging client, waited: 200 ms. Tried: localhost:9000 (through xdebug.client_host/xdebug.client_port) :-(
[05-Oct-2023 20:58:40 UTC] Xdebug: [Step Debug] Time-out connecting to debugging client, waited: 200 ms. Tried: localhost:9000 (through xdebug.client_host/xdebug.client_port) :-(
[05-Oct-2023 20:58:54 UTC] Xdebug: [Step Debug] Time-out connecting to debugging client, waited: 200 ms. Tried: localhost:9000 (through xdebug.client_host/xdebug.client_port) :-(
[05-Oct-2023 21:08:47 UTC] Xdebug: [Step Debug] Time-out connecting to debugging client, waited: 200 ms. Tried: localhost:9000 (through xdebug.client_host/xdebug.client_port) :-(
[05-Oct-2023 21:09:36 UTC] Xdebug: [Step Debug] Time-out connecting to debugging client, waited: 200 ms. Tried: localhost:9000 (through xdebug.client_host/xdebug.client_port) :-(
[05-Oct-2023 21:22:19 UTC] Xdebug: [Step Debug] Time-out connecting to debugging client, waited: 200 ms. Tried: localhost:9000 (through xdebug.client_host/xdebug.client_port) :-(
[05-Oct-2023 21:26:08 UTC] Xdebug: [Step Debug] Time-out connecting to debugging client, waited: 200 ms. Tried: localhost:9000 (through xdebug.client_host/xdebug.client_port) :-(
[05-Oct-2023 21:31:21 UTC] Xdebug: [Step Debug] Time-out connecting to debugging client, waited: 200 ms. Tried: localhost:9000 (through xdebug.client_host/xdebug.client_port) :-(
[05-Oct-2023 21:31:29 UTC] Xdebug: [Step Debug] Time-out connecting to debugging client, waited: 200 ms. Tried: localhost:9000 (through xdebug.client_host/xdebug.client_port) :-(
[05-Oct-2023 21:32:58 UTC] Xdebug: [Step Debug] Time-out connecting to debugging client, waited: 200 ms. Tried: localhost:9000 (through xdebug.client_host/xdebug.client_port) :-(
[05-Oct-2023 21:33:32 UTC] Xdebug: [Step Debug] Time-out connecting to debugging client, waited: 200 ms. Tried: localhost:9000 (through xdebug.client_host/xdebug.client_port) :-(
[05-Oct-2023 21:33:38 UTC] Xdebug: [Step Debug] Time-out connecting to debugging client, waited: 200 ms. Tried: localhost:9000 (through xdebug.client_host/xdebug.client_port) :-(
[06-Oct-2023 01:34:09 UTC] Xdebug: [Step Debug] Time-out connecting to debugging client, waited: 200 ms. Tried: localhost:9000 (through xdebug.client_host/xdebug.client_port) :-(
[06-Oct-2023 01:34:55 UTC] Xdebug: [Step Debug] Time-out connecting to debugging client, waited: 200 ms. Tried: localhost:9000 (through xdebug.client_host/xdebug.client_port) :-(
[06-Oct-2023 01:36:15 UTC] Xdebug: [Step Debug] Time-out connecting to debugging client, waited: 200 ms. Tried: localhost:9000 (through xdebug.client_host/xdebug.client_port) :-(
[02-Apr-2024 16:34:30 UTC] Xdebug: [Step Debug] Time-out connecting to debugging client, waited: 200 ms. Tried: localhost:9000 (through xdebug.client_host/xdebug.client_port) :-(
[02-Apr-2024 16:36:39 UTC] Xdebug: [Step Debug] Time-out connecting to debugging client, waited: 200 ms. Tried: localhost:9000 (through xdebug.client_host/xdebug.client_port) :-(
[02-Apr-2024 17:15:55 UTC] Xdebug: [Step Debug] Time-out connecting to debugging client, waited: 200 ms. Tried: localhost:9000 (through xdebug.client_host/xdebug.client_port) :-(
[02-Apr-2024 17:17:03 UTC] Xdebug: [Step Debug] Time-out connecting to debugging client, waited: 200 ms. Tried: localhost:9000 (through xdebug.client_host/xdebug.client_port) :-(
[02-Apr-2024 19:05:46 UTC] Xdebug: [Step Debug] Time-out connecting to debugging client, waited: 200 ms. Tried: localhost:9000 (through xdebug.client_host/xdebug.client_port) :-(
[02-Apr-2024 19:05:57 UTC] Xdebug: [Step Debug] Time-out connecting to debugging client, waited: 200 ms. Tried: localhost:9000 (through xdebug.client_host/xdebug.client_port) :-(
[02-Apr-2024 19:12:21 UTC] Xdebug: [Step Debug] Time-out connecting to debugging client, waited: 200 ms. Tried: localhost:9000 (through xdebug.client_host/xdebug.client_port) :-(
[08-Apr-2024 14:27:25 UTC] Xdebug: [Step Debug] Time-out connecting to debugging client, waited: 200 ms. Tried: localhost:9000 (through xdebug.client_host/xdebug.client_port) :-(
[11-Apr-2024 15:11:38 UTC] Xdebug: [Step Debug] Time-out connecting to debugging client, waited: 200 ms. Tried: localhost:9000 (through xdebug.client_host/xdebug.client_port) :-(
[11-Apr-2024 16:03:00 UTC] Xdebug: [Step Debug] Time-out connecting to debugging client, waited: 200 ms. Tried: localhost:9000 (through xdebug.client_host/xdebug.client_port) :-(
[11-Apr-2024 16:03:42 UTC] Xdebug: [Step Debug] Time-out connecting to debugging client, waited: 200 ms. Tried: localhost:9000 (through xdebug.client_host/xdebug.client_port) :-(
[11-Apr-2024 16:09:46 UTC] Xdebug: [Step Debug] Time-out connecting to debugging client, waited: 200 ms. Tried: localhost:9000 (through xdebug.client_host/xdebug.client_port) :-(
[11-Apr-2024 16:12:29 UTC] Xdebug: [Step Debug] Time-out connecting to debugging client, waited: 200 ms. Tried: localhost:9000 (through xdebug.client_host/xdebug.client_port) :-(
[11-Apr-2024 16:22:33 UTC] Xdebug: [Step Debug] Time-out connecting to debugging client, waited: 200 ms. Tried: localhost:9000 (through xdebug.client_host/xdebug.client_port) :-(
[11-Apr-2024 16:22:52 UTC] Xdebug: [Step Debug] Time-out connecting to debugging client, waited: 200 ms. Tried: localhost:9000 (through xdebug.client_host/xdebug.client_port) :-(
[11-Apr-2024 16:23:06 UTC] Xdebug: [Step Debug] Time-out connecting to debugging client, waited: 200 ms. Tried: localhost:9000 (through xdebug.client_host/xdebug.client_port) :-(
[11-Apr-2024 16:32:46 UTC] Xdebug: [Step Debug] Time-out connecting to debugging client, waited: 200 ms. Tried: localhost:9000 (through xdebug.client_host/xdebug.client_port) :-(
[11-Apr-2024 16:33:05 UTC] Xdebug: [Step Debug] Time-out connecting to debugging client, waited: 200 ms. Tried: localhost:9000 (through xdebug.client_host/xdebug.client_port) :-(
[11-Apr-2024 16:39:32 UTC] Xdebug: [Step Debug] Time-out connecting to debugging client, waited: 200 ms. Tried: localhost:9000 (through xdebug.client_host/xdebug.client_port) :-(
[11-Apr-2024 17:01:38 UTC] Xdebug: [Step Debug] Time-out connecting to debugging client, waited: 200 ms. Tried: localhost:9000 (through xdebug.client_host/xdebug.client_port) :-(
[11-Apr-2024 21:20:26 UTC] Xdebug: [Step Debug] Time-out connecting to debugging client, waited: 200 ms. Tried: localhost:9000 (through xdebug.client_host/xdebug.client_port) :-(
[11-Apr-2024 21:20:35 UTC] Xdebug: [Step Debug] Time-out connecting to debugging client, waited: 200 ms. Tried: localhost:9000 (through xdebug.client_host/xdebug.client_port) :-(
[11-Apr-2024 21:32:13 UTC] Xdebug: [Step Debug] Time-out connecting to debugging client, waited: 200 ms. Tried: localhost:9000 (through xdebug.client_host/xdebug.client_port) :-(
[11-Apr-2024 21:32:18 UTC] Xdebug: [Step Debug] Time-out connecting to debugging client, waited: 200 ms. Tried: localhost:9000 (through xdebug.client_host/xdebug.client_port) :-(
[11-Apr-2024 21:32:24 UTC] Xdebug: [Step Debug] Time-out connecting to debugging client, waited: 200 ms. Tried: localhost:9000 (through xdebug.client_host/xdebug.client_port) :-(
[11-Apr-2024 21:32:29 UTC] Xdebug: [Step Debug] Time-out connecting to debugging client, waited: 200 ms. Tried: localhost:9000 (through xdebug.client_host/xdebug.client_port) :-(
[11-Apr-2024 23:00:29 UTC] Xdebug: [Step Debug] Time-out connecting to debugging client, waited: 200 ms. Tried: localhost:9000 (through xdebug.client_host/xdebug.client_port) :-(
[11-Apr-2024 23:00:33 UTC] Xdebug: [Step Debug] Time-out connecting to debugging client, waited: 200 ms. Tried: localhost:9000 (through xdebug.client_host/xdebug.client_port) :-(
[11-Apr-2024 23:00:37 UTC] Xdebug: [Step Debug] Time-out connecting to debugging client, waited: 200 ms. Tried: localhost:9000 (through xdebug.client_host/xdebug.client_port) :-(
[11-Apr-2024 23:00:42 UTC] Xdebug: [Step Debug] Time-out connecting to debugging client, waited: 200 ms. Tried: localhost:9000 (through xdebug.client_host/xdebug.client_port) :-(
[11-Apr-2024 23:00:46 UTC] Xdebug: [Step Debug] Time-out connecting to debugging client, waited: 200 ms. Tried: localhost:9000 (through xdebug.client_host/xdebug.client_port) :-(
[11-Apr-2024 23:00:51 UTC] Xdebug: [Step Debug] Time-out connecting to debugging client, waited: 200 ms. Tried: localhost:9000 (through xdebug.client_host/xdebug.client_port) :-(
[11-Apr-2024 23:00:57 UTC] Xdebug: [Step Debug] Time-out connecting to debugging client, waited: 200 ms. Tried: localhost:9000 (through xdebug.client_host/xdebug.client_port) :-(
[11-Apr-2024 23:01:02 UTC] Xdebug: [Step Debug] Time-out connecting to debugging client, waited: 200 ms. Tried: localhost:9000 (through xdebug.client_host/xdebug.client_port) :-(
[11-Apr-2024 23:01:07 UTC] Xdebug: [Step Debug] Time-out connecting to debugging client, waited: 200 ms. Tried: localhost:9000 (through xdebug.client_host/xdebug.client_port) :-(
[11-Apr-2024 23:01:12 UTC] Xdebug: [Step Debug] Time-out connecting to debugging client, waited: 200 ms. Tried: localhost:9000 (through xdebug.client_host/xdebug.client_port) :-(
[11-Apr-2024 23:01:27 UTC] Xdebug: [Step Debug] Time-out connecting to debugging client, waited: 200 ms. Tried: localhost:9000 (through xdebug.client_host/xdebug.client_port) :-(
[11-Apr-2024 23:01:31 UTC] Xdebug: [Step Debug] Time-out connecting to debugging client, waited: 200 ms. Tried: localhost:9000 (through xdebug.client_host/xdebug.client_port) :-(
[11-Apr-2024 23:01:35 UTC] Xdebug: [Step Debug] Time-out connecting to debugging client, waited: 200 ms. Tried: localhost:9000 (through xdebug.client_host/xdebug.client_port) :-(
[11-Apr-2024 23:01:40 UTC] Xdebug: [Step Debug] Time-out connecting to debugging client, waited: 200 ms. Tried: localhost:9000 (through xdebug.client_host/xdebug.client_port) :-(
[11-Apr-2024 23:04:38 UTC] Xdebug: [Step Debug] Time-out connecting to debugging client, waited: 200 ms. Tried: localhost:9000 (through xdebug.client_host/xdebug.client_port) :-(
[11-Apr-2024 23:04:48 UTC] Xdebug: [Step Debug] Time-out connecting to debugging client, waited: 200 ms. Tried: localhost:9000 (through xdebug.client_host/xdebug.client_port) :-(
[11-Apr-2024 23:04:53 UTC] Xdebug: [Step Debug] Time-out connecting to debugging client, waited: 200 ms. Tried: localhost:9000 (through xdebug.client_host/xdebug.client_port) :-(
[11-Apr-2024 23:05:01 UTC] Xdebug: [Step Debug] Time-out connecting to debugging client, waited: 200 ms. Tried: localhost:9000 (through xdebug.client_host/xdebug.client_port) :-(
[11-Apr-2024 23:05:13 UTC] Xdebug: [Step Debug] Time-out connecting to debugging client, waited: 200 ms. Tried: localhost:9000 (through xdebug.client_host/xdebug.client_port) :-(
[11-Apr-2024 23:05:23 UTC] Xdebug: [Step Debug] Time-out connecting to debugging client, waited: 200 ms. Tried: localhost:9000 (through xdebug.client_host/xdebug.client_port) :-(
[11-Apr-2024 23:05:31 UTC] Xdebug: [Step Debug] Time-out connecting to debugging client, waited: 200 ms. Tried: localhost:9000 (through xdebug.client_host/xdebug.client_port) :-(
[11-Apr-2024 23:05:37 UTC] Xdebug: [Step Debug] Time-out connecting to debugging client, waited: 200 ms. Tried: localhost:9000 (through xdebug.client_host/xdebug.client_port) :-(
[11-Apr-2024 23:05:42 UTC] Xdebug: [Step Debug] Time-out connecting to debugging client, waited: 200 ms. Tried: localhost:9000 (through xdebug.client_host/xdebug.client_port) :-(
[11-Apr-2024 23:05:47 UTC] Xdebug: [Step Debug] Time-out connecting to debugging client, waited: 200 ms. Tried: localhost:9000 (through xdebug.client_host/xdebug.client_port) :-(
[15-Apr-2024 02:33:39 UTC] Xdebug: [Step Debug] Time-out connecting to debugging client, waited: 200 ms. Tried: localhost:9000 (through xdebug.client_host/xdebug.client_port) :-(
[15-Apr-2024 02:33:44 UTC] Xdebug: [Step Debug] Time-out connecting to debugging client, waited: 200 ms. Tried: localhost:9000 (through xdebug.client_host/xdebug.client_port) :-(
[15-Apr-2024 02:33:58 UTC] Xdebug: [Step Debug] Time-out connecting to debugging client, waited: 200 ms. Tried: localhost:9000 (through xdebug.client_host/xdebug.client_port) :-(
[15-Apr-2024 02:34:05 UTC] Xdebug: [Step Debug] Time-out connecting to debugging client, waited: 200 ms. Tried: localhost:9000 (through xdebug.client_host/xdebug.client_port) :-(
[15-Apr-2024 02:34:12 UTC] Xdebug: [Step Debug] Time-out connecting to debugging client, waited: 200 ms. Tried: localhost:9000 (through xdebug.client_host/xdebug.client_port) :-(
[15-Apr-2024 02:34:21 UTC] Xdebug: [Step Debug] Time-out connecting to debugging client, waited: 200 ms. Tried: localhost:9000 (through xdebug.client_host/xdebug.client_port) :-(
[15-Apr-2024 02:34:28 UTC] Xdebug: [Step Debug] Time-out connecting to debugging client, waited: 200 ms. Tried: localhost:9000 (through xdebug.client_host/xdebug.client_port) :-(
[15-Apr-2024 02:34:33 UTC] Xdebug: [Step Debug] Time-out connecting to debugging client, waited: 200 ms. Tried: localhost:9000 (through xdebug.client_host/xdebug.client_port) :-(
[15-Apr-2024 02:34:40 UTC] Xdebug: [Step Debug] Time-out connecting to debugging client, waited: 200 ms. Tried: localhost:9000 (through xdebug.client_host/xdebug.client_port) :-(
[15-Apr-2024 02:34:46 UTC] Xdebug: [Step Debug] Time-out connecting to debugging client, waited: 200 ms. Tried: localhost:9000 (through xdebug.client_host/xdebug.client_port) :-(
[15-Apr-2024 02:37:21 UTC] Xdebug: [Step Debug] Time-out connecting to debugging client, waited: 200 ms. Tried: localhost:9000 (through xdebug.client_host/xdebug.client_port) :-(
[15-Apr-2024 02:37:26 UTC] Xdebug: [Step Debug] Time-out connecting to debugging client, waited: 200 ms. Tried: localhost:9000 (through xdebug.client_host/xdebug.client_port) :-(
[15-Apr-2024 02:37:34 UTC] Xdebug: [Step Debug] Time-out connecting to debugging client, waited: 200 ms. Tried: localhost:9000 (through xdebug.client_host/xdebug.client_port) :-(
[15-Apr-2024 02:37:39 UTC] Xdebug: [Step Debug] Time-out connecting to debugging client, waited: 200 ms. Tried: localhost:9000 (through xdebug.client_host/xdebug.client_port) :-(
[15-Apr-2024 02:37:49 UTC] Xdebug: [Step Debug] Time-out connecting to debugging client, waited: 200 ms. Tried: localhost:9000 (through xdebug.client_host/xdebug.client_port) :-(
[15-Apr-2024 02:37:59 UTC] Xdebug: [Step Debug] Time-out connecting to debugging client, waited: 200 ms. Tried: localhost:9000 (through xdebug.client_host/xdebug.client_port) :-(
[16-Apr-2024 22:05:39 UTC] Xdebug: [Step Debug] Time-out connecting to debugging client, waited: 200 ms. Tried: localhost:9000 (through xdebug.client_host/xdebug.client_port) :-(
[16-Apr-2024 22:07:43 UTC] Xdebug: [Step Debug] Time-out connecting to debugging client, waited: 200 ms. Tried: localhost:9000 (through xdebug.client_host/xdebug.client_port) :-(
[16-Apr-2024 22:07:49 UTC] Xdebug: [Step Debug] Time-out connecting to debugging client, waited: 200 ms. Tried: localhost:9000 (through xdebug.client_host/xdebug.client_port) :-(
[25-May-2024 17:32:49 UTC] Xdebug: [Step Debug] Time-out connecting to debugging client, waited: 200 ms. Tried: localhost:9000 (through xdebug.client_host/xdebug.client_port) :-(
[29-May-2024 15:29:50 UTC] Xdebug: [Step Debug] Time-out connecting to debugging client, waited: 200 ms. Tried: localhost:9000 (through xdebug.client_host/xdebug.client_port) :-(
[29-May-2024 16:44:24 UTC] Xdebug: [Step Debug] Time-out connecting to debugging client, waited: 200 ms. Tried: localhost:9000 (through xdebug.client_host/xdebug.client_port) :-(
[29-May-2024 16:45:33 UTC] Xdebug: [Step Debug] Time-out connecting to debugging client, waited: 200 ms. Tried: localhost:9000 (through xdebug.client_host/xdebug.client_port) :-(
[29-May-2024 16:47:10 UTC] Xdebug: [Step Debug] Time-out connecting to debugging client, waited: 200 ms. Tried: localhost:9000 (through xdebug.client_host/xdebug.client_port) :-(
[29-May-2024 16:52:11 UTC] Xdebug: [Step Debug] Time-out connecting to debugging client, waited: 200 ms. Tried: localhost:9000 (through xdebug.client_host/xdebug.client_port) :-(
[29-May-2024 17:06:51 UTC] Xdebug: [Step Debug] Time-out connecting to debugging client, waited: 200 ms. Tried: localhost:9000 (through xdebug.client_host/xdebug.client_port) :-(
[29-May-2024 17:08:09 UTC] Xdebug: [Step Debug] Time-out connecting to debugging client, waited: 200 ms. Tried: localhost:9000 (through xdebug.client_host/xdebug.client_port) :-(
[29-May-2024 19:45:01 UTC] Xdebug: [Step Debug] Time-out connecting to debugging client, waited: 200 ms. Tried: localhost:9000 (through xdebug.client_host/xdebug.client_port) :-(
[29-May-2024 19:56:50 UTC] Xdebug: [Step Debug] Time-out connecting to debugging client, waited: 200 ms. Tried: localhost:9000 (through xdebug.client_host/xdebug.client_port) :-(
[29-May-2024 19:58:58 UTC] Xdebug: [Step Debug] Time-out connecting to debugging client, waited: 200 ms. Tried: localhost:9000 (through xdebug.client_host/xdebug.client_port) :-(
[29-May-2024 21:10:55 UTC] Xdebug: [Step Debug] Time-out connecting to debugging client, waited: 200 ms. Tried: localhost:9000 (through xdebug.client_host/xdebug.client_port) :-(
[29-May-2024 21:14:06 UTC] Xdebug: [Step Debug] Time-out connecting to debugging client, waited: 200 ms. Tried: localhost:9000 (through xdebug.client_host/xdebug.client_port) :-(
[29-May-2024 21:33:02 UTC] Xdebug: [Step Debug] Time-out connecting to debugging client, waited: 200 ms. Tried: localhost:9000 (through xdebug.client_host/xdebug.client_port) :-(
[29-May-2024 21:54:05 UTC] Xdebug: [Step Debug] Time-out connecting to debugging client, waited: 200 ms. Tried: localhost:9000 (through xdebug.client_host/xdebug.client_port) :-(
[29-May-2024 22:36:36 UTC] Xdebug: [Step Debug] Time-out connecting to debugging client, waited: 200 ms. Tried: localhost:9000 (through xdebug.client_host/xdebug.client_port) :-(
[29-May-2024 22:42:49 UTC] Xdebug: [Step Debug] Time-out connecting to debugging client, waited: 200 ms. Tried: localhost:9000 (through xdebug.client_host/xdebug.client_port) :-(
[30-May-2024 01:43:27 UTC] Xdebug: [Step Debug] Time-out connecting to debugging client, waited: 200 ms. Tried: localhost:9000 (through xdebug.client_host/xdebug.client_port) :-(
[30-May-2024 01:45:49 UTC] Xdebug: [Step Debug] Time-out connecting to debugging client, waited: 200 ms. Tried: localhost:9000 (through xdebug.client_host/xdebug.client_port) :-(
[30-May-2024 01:48:22 UTC] Xdebug: [Step Debug] Time-out connecting to debugging client, waited: 200 ms. Tried: localhost:9000 (through xdebug.client_host/xdebug.client_port) :-(
[30-May-2024 01:49:25 UTC] Xdebug: [Step Debug] Time-out connecting to debugging client, waited: 200 ms. Tried: localhost:9000 (through xdebug.client_host/xdebug.client_port) :-(
[30-May-2024 02:08:33 UTC] Xdebug: [Step Debug] Time-out connecting to debugging client, waited: 200 ms. Tried: localhost:9000 (through xdebug.client_host/xdebug.client_port) :-(
[30-May-2024 02:08:37 UTC] Xdebug: [Step Debug] Time-out connecting to debugging client, waited: 200 ms. Tried: localhost:9000 (through xdebug.client_host/xdebug.client_port) :-(
[30-May-2024 02:09:19 UTC] Xdebug: [Step Debug] Time-out connecting to debugging client, waited: 200 ms. Tried: localhost:9000 (through xdebug.client_host/xdebug.client_port) :-(
[30-May-2024 02:09:26 UTC] Xdebug: [Step Debug] Time-out connecting to debugging client, waited: 200 ms. Tried: localhost:9000 (through xdebug.client_host/xdebug.client_port) :-(
[30-May-2024 02:09:34 UTC] Xdebug: [Step Debug] Time-out connecting to debugging client, waited: 200 ms. Tried: localhost:9000 (through xdebug.client_host/xdebug.client_port) :-(
[30-May-2024 02:19:58 UTC] Xdebug: [Step Debug] Time-out connecting to debugging client, waited: 200 ms. Tried: localhost:9000 (through xdebug.client_host/xdebug.client_port) :-(
[12-Jun-2024 21:18:14 UTC] Xdebug: [Step Debug] Time-out connecting to debugging client, waited: 200 ms. Tried: localhost:9000 (through xdebug.client_host/xdebug.client_port) :-(
[12-Jun-2024 21:18:51 UTC] Xdebug: [Step Debug] Time-out connecting to debugging client, waited: 200 ms. Tried: localhost:9000 (through xdebug.client_host/xdebug.client_port) :-(
[12-Jun-2024 21:47:47 UTC] Xdebug: [Step Debug] Time-out connecting to debugging client, waited: 200 ms. Tried: localhost:9000 (through xdebug.client_host/xdebug.client_port) :-(
[12-Jun-2024 21:47:52 UTC] Xdebug: [Step Debug] Time-out connecting to debugging client, waited: 200 ms. Tried: localhost:9000 (through xdebug.client_host/xdebug.client_port) :-(
[12-Jun-2024 22:21:37 UTC] Xdebug: [Step Debug] Time-out connecting to debugging client, waited: 200 ms. Tried: localhost:9000 (through xdebug.client_host/xdebug.client_port) :-(
[12-Jun-2024 22:21:40 UTC] Xdebug: [Step Debug] Time-out connecting to debugging client, waited: 200 ms. Tried: localhost:9000 (through xdebug.client_host/xdebug.client_port) :-(
[13-Jun-2024 22:35:28 UTC] Xdebug: [Step Debug] Time-out connecting to debugging client, waited: 200 ms. Tried: localhost:9000 (through xdebug.client_host/xdebug.client_port) :-(
[13-Jun-2024 22:35:32 UTC] Xdebug: [Step Debug] Time-out connecting to debugging client, waited: 200 ms. Tried: localhost:9000 (through xdebug.client_host/xdebug.client_port) :-(
[25-Jul-2024 17:43:55 UTC] Xdebug: [Step Debug] Time-out connecting to debugging client, waited: 200 ms. Tried: localhost:9000 (through xdebug.client_host/xdebug.client_port) :-(
[08-Aug-2024 22:37:36 UTC] Xdebug: [Step Debug] Time-out connecting to debugging client, waited: 200 ms. Tried: localhost:9000 (through xdebug.client_host/xdebug.client_port) :-(
[12-Aug-2024 17:44:25 UTC] Xdebug: [Step Debug] Time-out connecting to debugging client, waited: 200 ms. Tried: localhost:9000 (through xdebug.client_host/xdebug.client_port) :-(
[12-Aug-2024 17:44:31 UTC] Xdebug: [Step Debug] Time-out connecting to debugging client, waited: 200 ms. Tried: localhost:9000 (through xdebug.client_host/xdebug.client_port) :-(
[12-Aug-2024 17:44:36 UTC] Xdebug: [Step Debug] Time-out connecting to debugging client, waited: 200 ms. Tried: localhost:9000 (through xdebug.client_host/xdebug.client_port) :-(
[12-Aug-2024 19:45:43 UTC] Xdebug: [Step Debug] Time-out connecting to debugging client, waited: 200 ms. Tried: localhost:9000 (through xdebug.client_host/xdebug.client_port) :-(
[12-Aug-2024 19:45:50 UTC] Xdebug: [Step Debug] Time-out connecting to debugging client, waited: 200 ms. Tried: localhost:9000 (through xdebug.client_host/xdebug.client_port) :-(
[12-Aug-2024 19:45:55 UTC] Xdebug: [Step Debug] Time-out connecting to debugging client, waited: 200 ms. Tried: localhost:9000 (through xdebug.client_host/xdebug.client_port) :-(
[15-Aug-2024 17:18:09 UTC] Xdebug: [Step Debug] Time-out connecting to debugging client, waited: 200 ms. Tried: localhost:9000 (through xdebug.client_host/xdebug.client_port) :-(
[16-Aug-2024 21:37:42 UTC] Xdebug: [Step Debug] Time-out connecting to debugging client, waited: 200 ms. Tried: localhost:9000 (through xdebug.client_host/xdebug.client_port) :-(
[19-Aug-2024 17:37:10 UTC] Xdebug: [Step Debug] Time-out connecting to debugging client, waited: 200 ms. Tried: localhost:9000 (through xdebug.client_host/xdebug.client_port) :-(
[19-Aug-2024 17:49:24 UTC] Xdebug: [Step Debug] Time-out connecting to debugging client, waited: 200 ms. Tried: localhost:9000 (through xdebug.client_host/xdebug.client_port) :-(
[21-Aug-2024 16:06:43 UTC] Xdebug: [Step Debug] Time-out connecting to debugging client, waited: 200 ms. Tried: localhost:9000 (through xdebug.client_host/xdebug.client_port) :-(
[05-Sep-2024 19:26:11 UTC] Xdebug: [Step Debug] Time-out connecting to debugging client, waited: 200 ms. Tried: localhost:9000 (through xdebug.client_host/xdebug.client_port) :-(
[05-Sep-2024 20:07:20 UTC] Xdebug: [Step Debug] Time-out connecting to debugging client, waited: 200 ms. Tried: localhost:9000 (through xdebug.client_host/xdebug.client_port) :-(
[05-Sep-2024 20:07:36 UTC] Xdebug: [Step Debug] Time-out connecting to debugging client, waited: 200 ms. Tried: localhost:9000 (through xdebug.client_host/xdebug.client_port) :-(
[05-Sep-2024 20:08:01 UTC] Xdebug: [Step Debug] Time-out connecting to debugging client, waited: 200 ms. Tried: localhost:9000 (through xdebug.client_host/xdebug.client_port) :-(
[05-Sep-2024 20:12:18 UTC] Xdebug: [Step Debug] Time-out connecting to debugging client, waited: 200 ms. Tried: localhost:9000 (through xdebug.client_host/xdebug.client_port) :-(
[05-Sep-2024 20:16:10 UTC] Xdebug: [Step Debug] Time-out connecting to debugging client, waited: 200 ms. Tried: localhost:9000 (through xdebug.client_host/xdebug.client_port) :-(
[05-Sep-2024 20:18:33 UTC] Xdebug: [Step Debug] Time-out connecting to debugging client, waited: 200 ms. Tried: localhost:9000 (through xdebug.client_host/xdebug.client_port) :-(
[05-Sep-2024 20:18:55 UTC] Xdebug: [Step Debug] Time-out connecting to debugging client, waited: 200 ms. Tried: localhost:9000 (through xdebug.client_host/xdebug.client_port) :-(
[05-Sep-2024 20:20:12 UTC] Xdebug: [Step Debug] Time-out connecting to debugging client, waited: 200 ms. Tried: localhost:9000 (through xdebug.client_host/xdebug.client_port) :-(
[05-Sep-2024 20:20:24 UTC] Xdebug: [Step Debug] Time-out connecting to debugging client, waited: 200 ms. Tried: localhost:9000 (through xdebug.client_host/xdebug.client_port) :-(
[05-Sep-2024 20:26:11 UTC] Xdebug: [Step Debug] Time-out connecting to debugging client, waited: 200 ms. Tried: localhost:9000 (through xdebug.client_host/xdebug.client_port) :-(
[05-Sep-2024 20:37:23 UTC] Xdebug: [Step Debug] Time-out connecting to debugging client, waited: 200 ms. Tried: localhost:9000 (through xdebug.client_host/xdebug.client_port) :-(
[05-Sep-2024 20:44:30 UTC] Xdebug: [Step Debug] Time-out connecting to debugging client, waited: 200 ms. Tried: localhost:9000 (through xdebug.client_host/xdebug.client_port) :-(
[05-Sep-2024 20:45:46 UTC] Xdebug: [Step Debug] Time-out connecting to debugging client, waited: 200 ms. Tried: localhost:9000 (through xdebug.client_host/xdebug.client_port) :-(
[05-Sep-2024 20:47:39 UTC] Xdebug: [Step Debug] Time-out connecting to debugging client, waited: 200 ms. Tried: localhost:9000 (through xdebug.client_host/xdebug.client_port) :-(
[05-Sep-2024 20:47:58 UTC] Xdebug: [Step Debug] Time-out connecting to debugging client, waited: 200 ms. Tried: localhost:9000 (through xdebug.client_host/xdebug.client_port) :-(
[05-Sep-2024 21:17:04 UTC] Xdebug: [Step Debug] Time-out connecting to debugging client, waited: 200 ms. Tried: localhost:9000 (through xdebug.client_host/xdebug.client_port) :-(
[05-Sep-2024 21:19:22 UTC] Xdebug: [Step Debug] Time-out connecting to debugging client, waited: 200 ms. Tried: localhost:9000 (through xdebug.client_host/xdebug.client_port) :-(
[05-Sep-2024 21:23:34 UTC] Xdebug: [Step Debug] Time-out connecting to debugging client, waited: 200 ms. Tried: localhost:9000 (through xdebug.client_host/xdebug.client_port) :-(
[05-Sep-2024 21:31:22 UTC] Xdebug: [Step Debug] Time-out connecting to debugging client, waited: 200 ms. Tried: localhost:9000 (through xdebug.client_host/xdebug.client_port) :-(
[05-Sep-2024 21:32:55 UTC] Xdebug: [Step Debug] Time-out connecting to debugging client, waited: 200 ms. Tried: localhost:9000 (through xdebug.client_host/xdebug.client_port) :-(
[05-Sep-2024 21:42:23 UTC] Xdebug: [Step Debug] Time-out connecting to debugging client, waited: 200 ms. Tried: localhost:9000 (through xdebug.client_host/xdebug.client_port) :-(
[05-Sep-2024 22:03:50 UTC] Xdebug: [Step Debug] Time-out connecting to debugging client, waited: 200 ms. Tried: localhost:9000 (through xdebug.client_host/xdebug.client_port) :-(
[05-Sep-2024 22:05:17 UTC] Xdebug: [Step Debug] Time-out connecting to debugging client, waited: 200 ms. Tried: localhost:9000 (through xdebug.client_host/xdebug.client_port) :-(
[05-Sep-2024 22:20:37 UTC] Xdebug: [Step Debug] Time-out connecting to debugging client, waited: 200 ms. Tried: localhost:9000 (through xdebug.client_host/xdebug.client_port) :-(
[05-Sep-2024 22:23:52 UTC] Xdebug: [Step Debug] Time-out connecting to debugging client, waited: 200 ms. Tried: localhost:9000 (through xdebug.client_host/xdebug.client_port) :-(
[05-Sep-2024 22:24:43 UTC] Xdebug: [Step Debug] Time-out connecting to debugging client, waited: 200 ms. Tried: localhost:9000 (through xdebug.client_host/xdebug.client_port) :-(
[06-Sep-2024 04:01:38 UTC] Xdebug: [Step Debug] Time-out connecting to debugging client, waited: 200 ms. Tried: localhost:9000 (through xdebug.client_host/xdebug.client_port) :-(
[06-Sep-2024 04:07:32 UTC] Xdebug: [Step Debug] Time-out connecting to debugging client, waited: 200 ms. Tried: localhost:9000 (through xdebug.client_host/xdebug.client_port) :-(
[06-Sep-2024 04:16:25 UTC] Xdebug: [Step Debug] Time-out connecting to debugging client, waited: 200 ms. Tried: localhost:9000 (through xdebug.client_host/xdebug.client_port) :-(
[16-Sep-2024 21:17:25 UTC] Xdebug: [Step Debug] Time-out connecting to debugging client, waited: 200 ms. Tried: localhost:9000 (through xdebug.client_host/xdebug.client_port) :-(
[17-Sep-2024 15:00:52 UTC] Xdebug: [Step Debug] Time-out connecting to debugging client, waited: 200 ms. Tried: localhost:9000 (through xdebug.client_host/xdebug.client_port) :-(
[17-Sep-2024 15:05:28 UTC] Xdebug: [Step Debug] Time-out connecting to debugging client, waited: 200 ms. Tried: localhost:9000 (through xdebug.client_host/xdebug.client_port) :-(
[17-Sep-2024 15:10:18 UTC] Xdebug: [Step Debug] Time-out connecting to debugging client, waited: 200 ms. Tried: localhost:9000 (through xdebug.client_host/xdebug.client_port) :-(
[17-Sep-2024 15:10:40 UTC] Xdebug: [Step Debug] Time-out connecting to debugging client, waited: 200 ms. Tried: localhost:9000 (through xdebug.client_host/xdebug.client_port) :-(
[17-Sep-2024 15:18:17 UTC] Xdebug: [Step Debug] Time-out connecting to debugging client, waited: 200 ms. Tried: localhost:9000 (through xdebug.client_host/xdebug.client_port) :-(
[17-Sep-2024 15:33:32 UTC] Xdebug: [Step Debug] Time-out connecting to debugging client, waited: 200 ms. Tried: localhost:9000 (through xdebug.client_host/xdebug.client_port) :-(
[17-Sep-2024 15:35:38 UTC] Xdebug: [Step Debug] Time-out connecting to debugging client, waited: 200 ms. Tried: localhost:9000 (through xdebug.client_host/xdebug.client_port) :-(
[17-Sep-2024 15:38:46 UTC] Xdebug: [Step Debug] Time-out connecting to debugging client, waited: 200 ms. Tried: localhost:9000 (through xdebug.client_host/xdebug.client_port) :-(
[17-Sep-2024 15:39:37 UTC] Xdebug: [Step Debug] Time-out connecting to debugging client, waited: 200 ms. Tried: localhost:9000 (through xdebug.client_host/xdebug.client_port) :-(
[17-Sep-2024 15:57:05 UTC] Xdebug: [Step Debug] Time-out connecting to debugging client, waited: 200 ms. Tried: localhost:9000 (through xdebug.client_host/xdebug.client_port) :-(
[17-Sep-2024 15:59:37 UTC] Xdebug: [Step Debug] Time-out connecting to debugging client, waited: 200 ms. Tried: localhost:9000 (through xdebug.client_host/xdebug.client_port) :-(
[17-Sep-2024 16:00:29 UTC] Xdebug: [Step Debug] Time-out connecting to debugging client, waited: 200 ms. Tried: localhost:9000 (through xdebug.client_host/xdebug.client_port) :-(
[17-Sep-2024 16:02:09 UTC] Xdebug: [Step Debug] Time-out connecting to debugging client, waited: 200 ms. Tried: localhost:9000 (through xdebug.client_host/xdebug.client_port) :-(
[17-Sep-2024 16:05:29 UTC] Xdebug: [Step Debug] Time-out connecting to debugging client, waited: 200 ms. Tried: localhost:9000 (through xdebug.client_host/xdebug.client_port) :-(
[17-Sep-2024 16:12:43 UTC] Xdebug: [Step Debug] Time-out connecting to debugging client, waited: 200 ms. Tried: localhost:9000 (through xdebug.client_host/xdebug.client_port) :-(
[17-Sep-2024 17:18:19 UTC] Xdebug: [Step Debug] Time-out connecting to debugging client, waited: 200 ms. Tried: localhost:9000 (through xdebug.client_host/xdebug.client_port) :-(
[17-Sep-2024 17:27:40 UTC] Xdebug: [Step Debug] Time-out connecting to debugging client, waited: 200 ms. Tried: localhost:9000 (through xdebug.client_host/xdebug.client_port) :-(
[17-Sep-2024 19:24:22 UTC] Xdebug: [Step Debug] Time-out connecting to debugging client, waited: 200 ms. Tried: localhost:9000 (through xdebug.client_host/xdebug.client_port) :-(
[17-Sep-2024 19:32:56 UTC] Xdebug: [Step Debug] Time-out connecting to debugging client, waited: 200 ms. Tried: localhost:9000 (through xdebug.client_host/xdebug.client_port) :-(
[17-Sep-2024 19:33:29 UTC] Xdebug: [Step Debug] Time-out connecting to debugging client, waited: 200 ms. Tried: localhost:9000 (through xdebug.client_host/xdebug.client_port) :-(
[17-Sep-2024 19:54:45 UTC] Xdebug: [Step Debug] Time-out connecting to debugging client, waited: 200 ms. Tried: localhost:9000 (through xdebug.client_host/xdebug.client_port) :-(
[17-Sep-2024 20:27:32 UTC] Xdebug: [Step Debug] Time-out connecting to debugging client, waited: 200 ms. Tried: localhost:9000 (through xdebug.client_host/xdebug.client_port) :-(
[17-Sep-2024 20:35:18 UTC] Xdebug: [Step Debug] Time-out connecting to debugging client, waited: 200 ms. Tried: localhost:9000 (through xdebug.client_host/xdebug.client_port) :-(
[17-Sep-2024 22:55:28 UTC] Xdebug: [Step Debug] Time-out connecting to debugging client, waited: 200 ms. Tried: localhost:9000 (through xdebug.client_host/xdebug.client_port) :-(
[26-Sep-2024 03:19:21 UTC] Xdebug: [Step Debug] Time-out connecting to debugging client, waited: 200 ms. Tried: localhost:9000 (through xdebug.client_host/xdebug.client_port) :-(
[26-Sep-2024 03:19:29 UTC] Xdebug: [Step Debug] Time-out connecting to debugging client, waited: 200 ms. Tried: localhost:9000 (through xdebug.client_host/xdebug.client_port) :-(
[26-Sep-2024 03:19:41 UTC] Xdebug: [Step Debug] Time-out connecting to debugging client, waited: 200 ms. Tried: localhost:9000 (through xdebug.client_host/xdebug.client_port) :-(
[27-Sep-2024 15:44:18 UTC] Xdebug: [Step Debug] Time-out connecting to debugging client, waited: 200 ms. Tried: localhost:9000 (through xdebug.client_host/xdebug.client_port) :-(
[27-Sep-2024 15:44:54 UTC] Xdebug: [Step Debug] Time-out connecting to debugging client, waited: 200 ms. Tried: localhost:9000 (through xdebug.client_host/xdebug.client_port) :-(
[28-Sep-2024 18:06:18 UTC] Xdebug: [Step Debug] Time-out connecting to debugging client, waited: 200 ms. Tried: localhost:9000 (through xdebug.client_host/xdebug.client_port) :-(
[13-Nov-2024 22:32:41 UTC] Xdebug: [Step Debug] Time-out connecting to debugging client, waited: 200 ms. Tried: localhost:9000 (through xdebug.client_host/xdebug.client_port) :-(
[13-Nov-2024 22:32:43 UTC] Xdebug: [Step Debug] Time-out connecting to debugging client, waited: 200 ms. Tried: localhost:9000 (through xdebug.client_host/xdebug.client_port) :-(
[13-Nov-2024 22:32:47 UTC] Xdebug: [Step Debug] Time-out connecting to debugging client, waited: 200 ms. Tried: localhost:9000 (through xdebug.client_host/xdebug.client_port) :-(
[13-Nov-2024 22:32:50 UTC] Xdebug: [Step Debug] Time-out connecting to debugging client, waited: 200 ms. Tried: localhost:9000 (through xdebug.client_host/xdebug.client_port) :-(
[13-Nov-2024 22:32:56 UTC] Xdebug: [Step Debug] Time-out connecting to debugging client, waited: 200 ms. Tried: localhost:9000 (through xdebug.client_host/xdebug.client_port) :-(
[13-Nov-2024 22:33:01 UTC] Xdebug: [Step Debug] Time-out connecting to debugging client, waited: 200 ms. Tried: localhost:9000 (through xdebug.client_host/xdebug.client_port) :-(
[13-Nov-2024 22:35:38 UTC] Xdebug: [Step Debug] Time-out connecting to debugging client, waited: 200 ms. Tried: localhost:9000 (through xdebug.client_host/xdebug.client_port) :-(
[13-Nov-2024 22:35:41 UTC] Xdebug: [Step Debug] Time-out connecting to debugging client, waited: 200 ms. Tried: localhost:9000 (through xdebug.client_host/xdebug.client_port) :-(
[13-Nov-2024 22:35:47 UTC] Xdebug: [Step Debug] Time-out connecting to debugging client, waited: 200 ms. Tried: localhost:9000 (through xdebug.client_host/xdebug.client_port) :-(
[13-Nov-2024 22:35:53 UTC] Xdebug: [Step Debug] Time-out connecting to debugging client, waited: 200 ms. Tried: localhost:9000 (through xdebug.client_host/xdebug.client_port) :-(
[20-Nov-2024 19:18:33 UTC] Xdebug: [Step Debug] Time-out connecting to debugging client, waited: 200 ms. Tried: localhost:9000 (through xdebug.client_host/xdebug.client_port) :-(
[20-Nov-2024 19:31:50 UTC] Xdebug: [Step Debug] Time-out connecting to debugging client, waited: 200 ms. Tried: localhost:9000 (through xdebug.client_host/xdebug.client_port) :-(
[20-Nov-2024 19:31:53 UTC] Xdebug: [Step Debug] Time-out connecting to debugging client, waited: 200 ms. Tried: localhost:9000 (through xdebug.client_host/xdebug.client_port) :-(
[20-Nov-2024 19:31:58 UTC] Xdebug: [Step Debug] Time-out connecting to debugging client, waited: 200 ms. Tried: localhost:9000 (through xdebug.client_host/xdebug.client_port) :-(
[20-Nov-2024 19:32:04 UTC] Xdebug: [Step Debug] Time-out connecting to debugging client, waited: 200 ms. Tried: localhost:9000 (through xdebug.client_host/xdebug.client_port) :-(
[20-Nov-2024 19:32:23 UTC] Xdebug: [Step Debug] Time-out connecting to debugging client, waited: 200 ms. Tried: localhost:9000 (through xdebug.client_host/xdebug.client_port) :-(
[20-Nov-2024 19:32:26 UTC] Xdebug: [Step Debug] Time-out connecting to debugging client, waited: 200 ms. Tried: localhost:9000 (through xdebug.client_host/xdebug.client_port) :-(
[20-Nov-2024 19:32:31 UTC] Xdebug: [Step Debug] Time-out connecting to debugging client, waited: 200 ms. Tried: localhost:9000 (through xdebug.client_host/xdebug.client_port) :-(
[20-Nov-2024 19:32:55 UTC] Xdebug: [Step Debug] Time-out connecting to debugging client, waited: 200 ms. Tried: localhost:9000 (through xdebug.client_host/xdebug.client_port) :-(
[20-Nov-2024 19:33:01 UTC] Xdebug: [Step Debug] Time-out connecting to debugging client, waited: 200 ms. Tried: localhost:9000 (through xdebug.client_host/xdebug.client_port) :-(
[25-Nov-2024 23:05:22 UTC] Xdebug: [Step Debug] Time-out connecting to debugging client, waited: 200 ms. Tried: localhost:9000 (through xdebug.client_host/xdebug.client_port) :-(
[25-Nov-2024 23:05:25 UTC] Xdebug: [Step Debug] Time-out connecting to debugging client, waited: 200 ms. Tried: localhost:9000 (through xdebug.client_host/xdebug.client_port) :-(
[25-Nov-2024 23:05:30 UTC] Xdebug: [Step Debug] Time-out connecting to debugging client, waited: 200 ms. Tried: localhost:9000 (through xdebug.client_host/xdebug.client_port) :-(
[25-Nov-2024 23:05:34 UTC] Xdebug: [Step Debug] Time-out connecting to debugging client, waited: 200 ms. Tried: localhost:9000 (through xdebug.client_host/xdebug.client_port) :-(
[25-Nov-2024 23:05:38 UTC] Xdebug: [Step Debug] Time-out connecting to debugging client, waited: 200 ms. Tried: localhost:9000 (through xdebug.client_host/xdebug.client_port) :-(
[25-Nov-2024 23:05:53 UTC] Xdebug: [Step Debug] Time-out connecting to debugging client, waited: 200 ms. Tried: localhost:9000 (through xdebug.client_host/xdebug.client_port) :-(
[25-Nov-2024 23:05:59 UTC] Xdebug: [Step Debug] Time-out connecting to debugging client, waited: 200 ms. Tried: localhost:9000 (through xdebug.client_host/xdebug.client_port) :-(
[25-Nov-2024 23:06:11 UTC] Xdebug: [Step Debug] Time-out connecting to debugging client, waited: 200 ms. Tried: localhost:9000 (through xdebug.client_host/xdebug.client_port) :-(
[25-Nov-2024 23:06:37 UTC] Xdebug: [Step Debug] Time-out connecting to debugging client, waited: 200 ms. Tried: localhost:9000 (through xdebug.client_host/xdebug.client_port) :-(
[25-Nov-2024 23:07:00 UTC] Xdebug: [Step Debug] Time-out connecting to debugging client, waited: 200 ms. Tried: localhost:9000 (through xdebug.client_host/xdebug.client_port) :-(
[26-Nov-2024 14:37:56 UTC] Xdebug: [Step Debug] Time-out connecting to debugging client, waited: 200 ms. Tried: localhost:9000 (through xdebug.client_host/xdebug.client_port) :-(
[26-Nov-2024 17:18:52 UTC] Xdebug: [Step Debug] Time-out connecting to debugging client, waited: 200 ms. Tried: localhost:9000 (through xdebug.client_host/xdebug.client_port) :-(
[26-Nov-2024 17:18:55 UTC] Xdebug: [Step Debug] Time-out connecting to debugging client, waited: 200 ms. Tried: localhost:9000 (through xdebug.client_host/xdebug.client_port) :-(
[26-Nov-2024 17:19:00 UTC] Xdebug: [Step Debug] Time-out connecting to debugging client, waited: 200 ms. Tried: localhost:9000 (through xdebug.client_host/xdebug.client_port) :-(
[26-Nov-2024 17:19:05 UTC] Xdebug: [Step Debug] Time-out connecting to debugging client, waited: 200 ms. Tried: localhost:9000 (through xdebug.client_host/xdebug.client_port) :-(
[26-Nov-2024 17:19:11 UTC] Xdebug: [Step Debug] Time-out connecting to debugging client, waited: 200 ms. Tried: localhost:9000 (through xdebug.client_host/xdebug.client_port) :-(
[26-Nov-2024 17:19:16 UTC] Xdebug: [Step Debug] Time-out connecting to debugging client, waited: 200 ms. Tried: localhost:9000 (through xdebug.client_host/xdebug.client_port) :-(
[26-Nov-2024 17:19:20 UTC] Xdebug: [Step Debug] Time-out connecting to debugging client, waited: 200 ms. Tried: localhost:9000 (through xdebug.client_host/xdebug.client_port) :-(
[26-Nov-2024 17:19:25 UTC] Xdebug: [Step Debug] Time-out connecting to debugging client, waited: 200 ms. Tried: localhost:9000 (through xdebug.client_host/xdebug.client_port) :-(
[26-Nov-2024 17:19:30 UTC] Xdebug: [Step Debug] Time-out connecting to debugging client, waited: 200 ms. Tried: localhost:9000 (through xdebug.client_host/xdebug.client_port) :-(
[26-Nov-2024 17:19:35 UTC] Xdebug: [Step Debug] Time-out connecting to debugging client, waited: 200 ms. Tried: localhost:9000 (through xdebug.client_host/xdebug.client_port) :-(
[12-Dec-2024 16:11:39 UTC] Xdebug: [Step Debug] Time-out connecting to debugging client, waited: 200 ms. Tried: localhost:9000 (through xdebug.client_host/xdebug.client_port) :-(
[12-Dec-2024 16:11:46 UTC] Xdebug: [Step Debug] Time-out connecting to debugging client, waited: 200 ms. Tried: localhost:9000 (through xdebug.client_host/xdebug.client_port) :-(
[12-Dec-2024 16:11:53 UTC] Xdebug: [Step Debug] Time-out connecting to debugging client, waited: 200 ms. Tried: localhost:9000 (through xdebug.client_host/xdebug.client_port) :-(
[12-Dec-2024 16:12:00 UTC] Xdebug: [Step Debug] Time-out connecting to debugging client, waited: 200 ms. Tried: localhost:9000 (through xdebug.client_host/xdebug.client_port) :-(
[12-Dec-2024 16:12:04 UTC] Xdebug: [Step Debug] Time-out connecting to debugging client, waited: 200 ms. Tried: localhost:9000 (through xdebug.client_host/xdebug.client_port) :-(
[12-Dec-2024 16:12:10 UTC] Xdebug: [Step Debug] Time-out connecting to debugging client, waited: 200 ms. Tried: localhost:9000 (through xdebug.client_host/xdebug.client_port) :-(
[12-Dec-2024 16:12:14 UTC] Xdebug: [Step Debug] Time-out connecting to debugging client, waited: 200 ms. Tried: localhost:9000 (through xdebug.client_host/xdebug.client_port) :-(
[12-Dec-2024 16:12:18 UTC] Xdebug: [Step Debug] Time-out connecting to debugging client, waited: 200 ms. Tried: localhost:9000 (through xdebug.client_host/xdebug.client_port) :-(
[12-Dec-2024 16:12:23 UTC] Xdebug: [Step Debug] Time-out connecting to debugging client, waited: 200 ms. Tried: localhost:9000 (through xdebug.client_host/xdebug.client_port) :-(
[12-Dec-2024 16:12:27 UTC] Xdebug: [Step Debug] Time-out connecting to debugging client, waited: 200 ms. Tried: localhost:9000 (through xdebug.client_host/xdebug.client_port) :-(
[13-Dec-2024 17:34:55 UTC] Xdebug: [Step Debug] Time-out connecting to debugging client, waited: 200 ms. Tried: localhost:9000 (through xdebug.client_host/xdebug.client_port) :-(
[13-Dec-2024 17:34:58 UTC] Xdebug: [Step Debug] Time-out connecting to debugging client, waited: 200 ms. Tried: localhost:9000 (through xdebug.client_host/xdebug.client_port) :-(
[13-Dec-2024 17:35:03 UTC] Xdebug: [Step Debug] Time-out connecting to debugging client, waited: 200 ms. Tried: localhost:9000 (through xdebug.client_host/xdebug.client_port) :-(
[13-Dec-2024 17:35:07 UTC] Xdebug: [Step Debug] Time-out connecting to debugging client, waited: 200 ms. Tried: localhost:9000 (through xdebug.client_host/xdebug.client_port) :-(
[13-Dec-2024 17:35:11 UTC] Xdebug: [Step Debug] Time-out connecting to debugging client, waited: 200 ms. Tried: localhost:9000 (through xdebug.client_host/xdebug.client_port) :-(
[13-Dec-2024 17:35:16 UTC] Xdebug: [Step Debug] Time-out connecting to debugging client, waited: 200 ms. Tried: localhost:9000 (through xdebug.client_host/xdebug.client_port) :-(
[13-Dec-2024 17:35:20 UTC] Xdebug: [Step Debug] Time-out connecting to debugging client, waited: 200 ms. Tried: localhost:9000 (through xdebug.client_host/xdebug.client_port) :-(
[13-Dec-2024 17:35:26 UTC] Xdebug: [Step Debug] Time-out connecting to debugging client, waited: 200 ms. Tried: localhost:9000 (through xdebug.client_host/xdebug.client_port) :-(
[13-Dec-2024 17:35:30 UTC] Xdebug: [Step Debug] Time-out connecting to debugging client, waited: 200 ms. Tried: localhost:9000 (through xdebug.client_host/xdebug.client_port) :-(
[13-Dec-2024 17:35:34 UTC] Xdebug: [Step Debug] Time-out connecting to debugging client, waited: 200 ms. Tried: localhost:9000 (through xdebug.client_host/xdebug.client_port) :-(
[13-Dec-2024 17:45:46 UTC] Xdebug: [Step Debug] Time-out connecting to debugging client, waited: 200 ms. Tried: localhost:9000 (through xdebug.client_host/xdebug.client_port) :-(
[13-Dec-2024 17:45:49 UTC] Xdebug: [Step Debug] Time-out connecting to debugging client, waited: 200 ms. Tried: localhost:9000 (through xdebug.client_host/xdebug.client_port) :-(
[13-Dec-2024 17:45:54 UTC] Xdebug: [Step Debug] Time-out connecting to debugging client, waited: 200 ms. Tried: localhost:9000 (through xdebug.client_host/xdebug.client_port) :-(
[13-Dec-2024 17:45:58 UTC] Xdebug: [Step Debug] Time-out connecting to debugging client, waited: 200 ms. Tried: localhost:9000 (through xdebug.client_host/xdebug.client_port) :-(
[13-Dec-2024 17:46:02 UTC] Xdebug: [Step Debug] Time-out connecting to debugging client, waited: 200 ms. Tried: localhost:9000 (through xdebug.client_host/xdebug.client_port) :-(
[30-Jan-2025 21:09:30 UTC] Xdebug: [Step Debug] Time-out connecting to debugging client, waited: 200 ms. Tried: localhost:9000 (through xdebug.client_host/xdebug.client_port) :-(
[03-Feb-2025 16:23:10 UTC] Xdebug: [Step Debug] Time-out connecting to debugging client, waited: 200 ms. Tried: localhost:9000 (through xdebug.client_host/xdebug.client_port) :-(
[04-Feb-2025 20:07:22 UTC] Xdebug: [Step Debug] Time-out connecting to debugging client, waited: 200 ms. Tried: localhost:9000 (through xdebug.client_host/xdebug.client_port) :-(
[20-Feb-2025 17:36:21 UTC] Xdebug: [Step Debug] Time-out connecting to debugging client, waited: 200 ms. Tried: localhost:9000 (through xdebug.client_host/xdebug.client_port) :-(
[20-Feb-2025 19:47:31 UTC] Xdebug: [Step Debug] Time-out connecting to debugging client, waited: 200 ms. Tried: localhost:9000 (through xdebug.client_host/xdebug.client_port) :-(
[20-Feb-2025 19:47:42 UTC] Xdebug: [Step Debug] Time-out connecting to debugging client, waited: 200 ms. Tried: localhost:9000 (through xdebug.client_host/xdebug.client_port) :-(
[20-Feb-2025 19:56:44 UTC] Xdebug: [Step Debug] Time-out connecting to debugging client, waited: 200 ms. Tried: localhost:9000 (through xdebug.client_host/xdebug.client_port) :-(
[20-Feb-2025 20:01:33 UTC] Xdebug: [Step Debug] Time-out connecting to debugging client, waited: 200 ms. Tried: localhost:9000 (through xdebug.client_host/xdebug.client_port) :-(
[20-Feb-2025 20:01:37 UTC] Xdebug: [Step Debug] Time-out connecting to debugging client, waited: 200 ms. Tried: localhost:9000 (through xdebug.client_host/xdebug.client_port) :-(
[07-Apr-2025 03:13:24 UTC] Xdebug: [Step Debug] Time-out connecting to debugging client, waited: 200 ms. Tried: localhost:9000 (through xdebug.client_host/xdebug.client_port) :-(
[07-Apr-2025 03:13:48 UTC] Xdebug: [Step Debug] Time-out connecting to debugging client, waited: 200 ms. Tried: localhost:9000 (through xdebug.client_host/xdebug.client_port) :-(
[07-Apr-2025 03:23:20 UTC] Xdebug: [Step Debug] Time-out connecting to debugging client, waited: 200 ms. Tried: localhost:9000 (through xdebug.client_host/xdebug.client_port) :-(
[07-Apr-2025 03:24:11 UTC] Xdebug: [Step Debug] Time-out connecting to debugging client, waited: 200 ms. Tried: localhost:9000 (through xdebug.client_host/xdebug.client_port) :-(
[07-Apr-2025 03:26:25 UTC] Xdebug: [Step Debug] Time-out connecting to debugging client, waited: 200 ms. Tried: localhost:9000 (through xdebug.client_host/xdebug.client_port) :-(
[05-Aug-2025 17:14:22 UTC] Xdebug: [Step Debug] Time-out connecting to debugging client, waited: 200 ms. Tried: localhost:9000 (through xdebug.client_host/xdebug.client_port) :-(
[05-Aug-2025 17:15:59 UTC] Xdebug: [Step Debug] Time-out connecting to debugging client, waited: 200 ms. Tried: localhost:9000 (through xdebug.client_host/xdebug.client_port) :-(
[28-Feb-2026 15:21:41 UTC] Xdebug: [Step Debug] Time-out connecting to debugging client, waited: 200 ms. Tried: 127.0.0.1:9003 (through xdebug.client_host/xdebug.client_port) :-(
[28-Feb-2026 15:22:11 UTC] Xdebug: [Step Debug] Time-out connecting to debugging client, waited: 200 ms. Tried: 127.0.0.1:9003 (through xdebug.client_host/xdebug.client_port) :-(
[28-Feb-2026 15:22:18 UTC] Xdebug: [Step Debug] Time-out connecting to debugging client, waited: 200 ms. Tried: 127.0.0.1:9003 (through xdebug.client_host/xdebug.client_port) :-(
[28-Feb-2026 15:22:25 UTC] Xdebug: [Step Debug] Time-out connecting to debugging client, waited: 200 ms. Tried: 127.0.0.1:9003 (through xdebug.client_host/xdebug.client_port) :-(
[28-Feb-2026 15:40:02 UTC] Xdebug: [Step Debug] Time-out connecting to debugging client, waited: 200 ms. Tried: 127.0.0.1:9003 (through xdebug.client_host/xdebug.client_port) :-(
[28-Feb-2026 15:40:08 UTC] Xdebug: [Step Debug] Time-out connecting to debugging client, waited: 200 ms. Tried: 127.0.0.1:9003 (through xdebug.client_host/xdebug.client_port) :-(
[28-Feb-2026 15:40:15 UTC] Xdebug: [Step Debug] Time-out connecting to debugging client, waited: 200 ms. Tried: 127.0.0.1:9003 (through xdebug.client_host/xdebug.client_port) :-(
[28-Feb-2026 15:40:24 UTC] Xdebug: [Step Debug] Time-out connecting to debugging client, waited: 200 ms. Tried: 127.0.0.1:9003 (through xdebug.client_host/xdebug.client_port) :-(
[28-Feb-2026 15:40:30 UTC] Xdebug: [Step Debug] Time-out connecting to debugging client, waited: 200 ms. Tried: 127.0.0.1:9003 (through xdebug.client_host/xdebug.client_port) :-(
[28-Feb-2026 15:40:37 UTC] Xdebug: [Step Debug] Time-out connecting to debugging client, waited: 200 ms. Tried: 127.0.0.1:9003 (through xdebug.client_host/xdebug.client_port) :-(
[28-Feb-2026 15:40:46 UTC] Xdebug: [Step Debug] Time-out connecting to debugging client, waited: 200 ms. Tried: 127.0.0.1:9003 (through xdebug.client_host/xdebug.client_port) :-(
[28-Feb-2026 15:40:54 UTC] Xdebug: [Step Debug] Time-out connecting to debugging client, waited: 200 ms. Tried: 127.0.0.1:9003 (through xdebug.client_host/xdebug.client_port) :-(
[28-Feb-2026 15:41:01 UTC] Xdebug: [Step Debug] Time-out connecting to debugging client, waited: 200 ms. Tried: 127.0.0.1:9003 (through xdebug.client_host/xdebug.client_port) :-(
[28-Feb-2026 15:41:09 UTC] Xdebug: [Step Debug] Time-out connecting to debugging client, waited: 200 ms. Tried: 127.0.0.1:9003 (through xdebug.client_host/xdebug.client_port) :-(
